Added Component: Designator=F1(Fuse 2A - duplicate)
Added Component: Designator=F2(Fuse 2A - duplicate)
Added Component: Designator=F3(Fuse 2A - duplicate)
Added Component: Designator=F4(Fuse 2A - duplicate)
Added Component: Designator=F5(Fuse 2A - duplicate)
Added Pin To Net: NetName=NetF1_1 Pin=F1-1
Added Pin To Net: NetName=NetF1_2 Pin=F1-2
Added Pin To Net: NetName=NetF2_1 Pin=F2-1
Added Pin To Net: NetName=NetF3_1 Pin=F3-1
Added Pin To Net: NetName=NetF4_1 Pin=F4-1
Added Pin To Net: NetName=NetF5_1 Pin=F5-1
Added Pin To Net: NetName=NetF5_2 Pin=F5-2
Added Pin To Net: NetName=NetF2_2 Pin=F2-2
Added Pin To Net: NetName=NetF2_2 Pin=JP2-1
Added Net: Name=NetF2_2
Added Pin To Net: NetName=NetF3_2 Pin=F3-2
Added Pin To Net: NetName=NetF3_2 Pin=JP3-1
Added Net: Name=NetF3_2
Added Pin To Net: NetName=NetF4_2 Pin=F4-2
Added Pin To Net: NetName=NetF4_2 Pin=JP4-1
Added Net: Name=NetF4_2
Added Member To Class: ClassName=so do mach Member=Component F1 Fuse 2A
Added Member To Class: ClassName=so do mach Member=Component F2 Fuse 2A
Added Member To Class: ClassName=so do mach Member=Component F3 Fuse 2A
Added Member To Class: ClassName=so do mach Member=Component F4 Fuse 2A
Added Member To Class: ClassName=so do mach Member=Component F5 Fuse 2A
Added Room: Name=so do mach
