Removed Pin From Net: NetName=GND Pin=C4-1
Removed Pin From Net: NetName=3V3 Pin=C4-2
Removed Pin From Net: NetName=NetC10_1 Pin=C7-1
Removed Pin From Net: NetName=GND Pin=C7-2
Removed Pin From Net: NetName=LED GREEN Pin=LED1-1
Removed Pin From Net: NetName=LED RED Pin=LED3-1
Removed Pin From Net: NetName=GND Pin=R1-2
Removed Pin From Net: NetName=GND Pin=R2-2
Removed Pin From Net: NetName=RST Pin=R3-1
Removed Pin From Net: NetName=3V3 Pin=R3-2
Removed Pin From Net: NetName=GND Pin=R4-2
Removed Pin From Net: NetName=OUT_3 Pin=R5-1
Removed Pin From Net: NetName=GND Pin=R5-2
Removed Member From Class: ClassName=so do mach Member=LED1
Removed Member From Class: ClassName=so do mach Member=LED3
Change Component Comment : Designator=C4 Old Comment=1000uF New Comment=220uF
Change Component Comment : Designator=C5 Old Comment=1000uF New Comment=220uF
Added Component: Designator=*(CAPAE110103X100M)
Added Component: Designator=C8(C0805)
Added Component: Designator=C9(C0805)
Added Component: Designator=C10(CM-0805)
Added Component: Designator=LED?(LED-5-Yellow)
Added Component: Designator=LED?(LED-5-RED)
Added Component: Designator=LED?(LED-5-Green)
Added Component: Designator=R7(SM-RES-0805)
Added Component: Designator=R8(SM-RES-0805)
Added Component: Designator=R9(SM-RES-0805)
Added Component: Designator=R10(SM-RES-0805)
Added Component: Designator=R11(SM-RES-0805)
Added Pin To Net: NetName=+5 Pin=C4-1
Added Pin To Net: NetName=GND Pin=C4-2
Added Pin To Net: NetName=NetC6_1 Pin=C7-1
Added Pin To Net: NetName=+5 Pin=C7-2
Added Pin To Net: NetName=GND Pin=C3-1
Added Pin To Net: NetName=3V3 Pin=C3-2
Added Pin To Net: NetName=GND Pin=C4-1
Added Pin To Net: NetName=3V3 Pin=C4-2
Added Pin To Net: NetName=NetC10_1 Pin=C7-1
Added Pin To Net: NetName=GND Pin=C7-2
Added Pin To Net: NetName=+5 Pin=LED?-1
Added Pin To Net: NetName=LED GREEN Pin=LED?-1
Added Pin To Net: NetName=LED RED Pin=LED?-1
Added Pin To Net: NetName=RELAY1 Pin=R1-1
Added Pin To Net: NetName=NetQ1_3 Pin=R1-2
Added Pin To Net: NetName=RELAY2 Pin=R2-1
Added Pin To Net: NetName=NetQ2_3 Pin=R2-2
Added Pin To Net: NetName=RELAY3 Pin=R3-1
Added Pin To Net: NetName=NetQ3_3 Pin=R3-2
Added Pin To Net: NetName=RELAY4 Pin=R4-1
Added Pin To Net: NetName=NetQ4_3 Pin=R4-2
Added Pin To Net: NetName=GND Pin=R5-1
Added Pin To Net: NetName=NetC6_1 Pin=R5-2
Added Pin To Net: NetName=GND Pin=R1-2
Added Pin To Net: NetName=GND Pin=R2-2
Added Pin To Net: NetName=RST Pin=R3-1
Added Pin To Net: NetName=3V3 Pin=R3-2
Added Pin To Net: NetName=GND Pin=R4-2
Added Pin To Net: NetName=OUT_3 Pin=R5-1
Added Pin To Net: NetName=GND Pin=R5-2
Added Pin To Net: NetName=NetLED?_2 Pin=LED?-2
Added Pin To Net: NetName=NetLED?_2 Pin=R1-1
Added Net: Name=NetLED?_2
Added Member To Class: ClassName=so do mach Member=Component * Component_1
Added Member To Class: ClassName=so do mach Member=Component C8 Capacitor Ceramic
Added Member To Class: ClassName=so do mach Member=Component C9 Capacitor Ceramic
Added Member To Class: ClassName=so do mach Member=Component C10 12p
Added Member To Class: ClassName=so do mach Member=Component LED? LED
Added Member To Class: ClassName=so do mach Member=Component R7 100
Added Member To Class: ClassName=so do mach Member=Component R8 100
Added Member To Class: ClassName=so do mach Member=Component R9 47k
Added Member To Class: ClassName=so do mach Member=Component R10 100
Added Member To Class: ClassName=so do mach Member=Component R11 100
