Removed Pin From Net: NetName=3V3 Pin=L2-1
Removed Pin From Net: NetName=NetC10_2 Pin=L2-2
Removed Pin From Net: NetName=+5 Pin=L3-1
Removed Pin From Net: NetName=NetC16_2 Pin=L3-2
Removed Pin From Net: NetName=NetC1_2 Pin=R1-1
Removed Pin From Net: NetName=3V3 Pin=R1-2
Removed Pin From Net: NetName=+5 Pin=R2-1
Removed Pin From Net: NetName=NetC14_2 Pin=R2-2
Removed Pin From Net: NetName=NetLED1_2 Pin=R3-1
Removed Pin From Net: NetName=GND Pin=R3-2
Removed Pin From Net: NetName=RELAY1 Pin=R4-1
Removed Pin From Net: NetName=NetQ1_3 Pin=R4-2
Removed Pin From Net: NetName=RELAY2 Pin=R5-1
Removed Pin From Net: NetName=NetQ2_3 Pin=R5-2
Removed Pin From Net: NetName=RELAY3 Pin=R8-1
Removed Pin From Net: NetName=NetQ3_3 Pin=R8-2
Removed Pin From Net: NetName=RELAY4 Pin=R9-1
Removed Pin From Net: NetName=NetQ4_3 Pin=R9-2
Removed Pin From Net: NetName=RST Pin=R10-1
Removed Pin From Net: NetName=3V3 Pin=R10-2
Removed Pin From Net: NetName=RELAY5 Pin=R11-1
Removed Pin From Net: NetName=NetQ5_3 Pin=R11-2
Removed Pin From Net: NetName=OUT_2 Pin=R13-1
Removed Pin From Net: NetName=GND Pin=R13-2
Removed Pin From Net: NetName=OUT_1 Pin=R14-1
Removed Pin From Net: NetName=GND Pin=R14-2
Change Component Footprint: Designator=L1 Old Footprint=R1/4W New Footprint=SM-RES-0805
Change Component Footprint: Designator=L2 Old Footprint=R1/4W New Footprint=SM-RES-0805
Change Component Footprint: Designator=L3 Old Footprint=R1/4W New Footprint=SM-RES-0805
Change Component Footprint: Designator=R2 Old Footprint=R1/4W New Footprint=SM-RES-0805
Change Component Footprint: Designator=R3 Old Footprint=R1/4W New Footprint=SM-RES-0805
Change Component Footprint: Designator=R4 Old Footprint=R1/4W New Footprint=SM-RES-0805
Change Component Footprint: Designator=R5 Old Footprint=R1/4W New Footprint=SM-RES-0805
Change Component Footprint: Designator=R6 Old Footprint=R1/4W New Footprint=SM-RES-0805
Change Component Footprint: Designator=R7 Old Footprint=R1/4W New Footprint=SM-RES-0805
Change Component Footprint: Designator=R8 Old Footprint=R1/4W New Footprint=SM-RES-0805
Change Component Footprint: Designator=R9 Old Footprint=R1/4W New Footprint=SM-RES-0805
Change Component Footprint: Designator=R10 Old Footprint=R1/4W New Footprint=SM-RES-0805
Change Component Footprint: Designator=R11 Old Footprint=R1/4W New Footprint=SM-RES-0805
Change Component Footprint: Designator=R12 Old Footprint=R1/4W New Footprint=SM-RES-0805
Change Component Footprint: Designator=R13 Old Footprint=R1/4W New Footprint=SM-RES-0805
Change Component Footprint: Designator=R14 Old Footprint=R1/4W New Footprint=SM-RES-0805
Change Component Footprint: Designator=R1 Old Footprint=RM-1206 New Footprint=SM-RES-0805
Change Component Footprint: Designator=R15 Old Footprint=RM-1206 New Footprint=SM-RES-0805
Change Component Comment : Designator=R15 Old Comment=1K New Comment=1m
Change Component Comment : Designator=R1 Old Comment=1K New Comment=1ohm
Change Component Comment : Designator=R2 Old Comment=1K New Comment=1ohm
Change Component Comment : Designator=R12 Old Comment=1k New Comment=1ohm
Change Component Comment : Designator=R13 Old Comment=1k New Comment=10k
Change Component Comment : Designator=R14 Old Comment=1k New Comment=10k
Change Component Comment : Designator=L1 Old Comment=1k New Comment=10uH
Change Component Comment : Designator=L2 Old Comment=1k New Comment=10uH
Change Component Comment : Designator=L3 Old Comment=1k New Comment=10uH
Change Component Comment : Designator=R10 Old Comment=1k New Comment=47k
Change component parameters (AddParameter): Name = "Value"; Value = "R1/4W - 1K"; VariantName = "[No Variations]"
Change component parameters. Clean all parameters for all variants
Change component parameters (AddParameter): Name = "Value"; Value = "R1/4W - 1K"; VariantName = "[No Variations]"
Change component parameters (AddParameter): Name = "Value"; Value = "R1/4W - 1K"; VariantName = "[No Variations]"
Change component parameters. Clean all parameters for all variants
Change component parameters (AddParameter): Name = "Value"; Value = "R1/4W - 1K"; VariantName = "[No Variations]"
Added Pin To Net: NetName=NetC10_2 Pin=L2-1
Added Pin To Net: NetName=3V3 Pin=L2-2
Added Pin To Net: NetName=NetC16_2 Pin=L3-1
Added Pin To Net: NetName=+5 Pin=L3-2
Added Pin To Net: NetName=3V3 Pin=R1-1
Added Pin To Net: NetName=NetC1_2 Pin=R1-2
Added Pin To Net: NetName=NetC14_2 Pin=R2-1
Added Pin To Net: NetName=+5 Pin=R2-2
Added Pin To Net: NetName=GND Pin=R3-1
Added Pin To Net: NetName=NetLED1_2 Pin=R3-2
Added Pin To Net: NetName=NetQ1_3 Pin=R4-1
Added Pin To Net: NetName=RELAY1 Pin=R4-2
Added Pin To Net: NetName=NetQ2_3 Pin=R5-1
Added Pin To Net: NetName=RELAY2 Pin=R5-2
Added Pin To Net: NetName=NetQ3_3 Pin=R8-1
Added Pin To Net: NetName=RELAY3 Pin=R8-2
Added Pin To Net: NetName=NetQ4_3 Pin=R9-1
Added Pin To Net: NetName=RELAY4 Pin=R9-2
Added Pin To Net: NetName=3V3 Pin=R10-1
Added Pin To Net: NetName=RST Pin=R10-2
Added Pin To Net: NetName=NetQ5_3 Pin=R11-1
Added Pin To Net: NetName=RELAY5 Pin=R11-2
Added Pin To Net: NetName=GND Pin=R13-1
Added Pin To Net: NetName=OUT_2 Pin=R13-2
Added Pin To Net: NetName=GND Pin=R14-1
Added Pin To Net: NetName=OUT_1 Pin=R14-2
Added Member To Class: ClassName=so do mach Member=Component C6 *
Added Member To Class: ClassName=so do mach Member=Component C10 103
Added Member To Class: ClassName=so do mach Member=Component F1 *
Added Member To Class: ClassName=so do mach Member=Component R3 1k
Added Member To Class: ClassName=so do mach Member=Component R6 1k
Added Member To Class: ClassName=so do mach Member=Component R7 1k
Added Member To Class: ClassName=so do mach Member=Component R8 1k
Added Member To Class: ClassName=so do mach Member=Component R9 1k
Added Member To Class: ClassName=so do mach Member=Component R10 47k
Added Member To Class: ClassName=so do mach Member=Component R11 1k
