Removed Pin From Net: NetName=GND Pin=C3-1
Removed Pin From Net: NetName=3V3 Pin=C3-2
Removed Pin From Net: NetName=3V3 Pin=C4-1
Removed Pin From Net: NetName=GND Pin=C4-2
Removed Member From Class: ClassName=so do mach Member=C4
Added Component: Designator=*1(CAPAE110103X100M)
Added Component: Designator=C5(CM-0805)
Added Component: Designator=C6(CM-0805)
Added Component: Designator=C7(C0805)
Added Component: Designator=C9(CM-0805)
Added Component: Designator=C10(CM-0805)
Added Component: Designator=C11(CM-1206)
Added Component: Designator=C21(CM-1206)
Added Component: Designator=C41(CAPAE7053X54M)
Added Component: Designator=C81(C0805)
Added Component: Designator=C112(C0805)
Added Component: Designator=L1(SM-RES-0805)
Added Component: Designator=L2(SM-RES-0805)
Added Component: Designator=R11(SM-RES-0805)
Added Component: Designator=R21(SM-RES-0805)
Added Component: Designator=R31(SM-RES-0805)
Added Component: Designator=R41(SM-RES-0805)
Added Component: Designator=R51(SM-RES-0805)
Added Component: Designator=R61(SM-RES-0805)
Added Component: Designator=R71(SM-RES-0805)
Added Component: Designator=R81(SM-RES-0805)
Added Component: Designator=R91(SM-RES-0805)
Added Component: Designator=R102(SM-RES-0805)
Added Component: Designator=R112(SM-RES-0805)
Added Component: Designator=R122(SM-RES-0805)
Added Component: Designator=R132(SM-RES-0805)
Added Pin To Net: NetName=+5 Pin=C3-1
Added Pin To Net: NetName=GND Pin=C3-2
Added Pin To Net: NetName=NetC5_1 Pin=C5-1
Added Pin To Net: NetName=+5 Pin=C5-2
Added Pin To Net: NetName=NetC5_1 Pin=C6-1
Added Pin To Net: NetName=+5 Pin=C6-2
Added Pin To Net: NetName=GND Pin=C3-1
Added Pin To Net: NetName=3V3 Pin=C3-2
Added Pin To Net: NetName=NetC9_1 Pin=C9-1
Added Pin To Net: NetName=GND Pin=C9-2
Added Pin To Net: NetName=NetC10_1 Pin=C10-1
Added Pin To Net: NetName=GND Pin=C10-2
Added Pin To Net: NetName=GND Pin=C11-1
Added Pin To Net: NetName=+5 Pin=C11-2
Added Pin To Net: NetName=GND Pin=C21-1
Added Pin To Net: NetName=3V3 Pin=C21-2
Added Pin To Net: NetName=3V3 Pin=C41-1
Added Pin To Net: NetName=GND Pin=C41-2
Added Pin To Net: NetName=GND Pin=C81-1
Added Pin To Net: NetName=3V3 Pin=C81-2
Added Pin To Net: NetName=GND Pin=C112-1
Added Pin To Net: NetName=RST Pin=C112-2
Added Pin To Net: NetName=3V3 Pin=L1-1
Added Pin To Net: NetName=NetL1_2 Pin=L1-2
Added Pin To Net: NetName=NetL2_1 Pin=L2-1
Added Pin To Net: NetName=3V3 Pin=L2-2
Added Pin To Net: NetName=RELAY1 Pin=R11-1
Added Pin To Net: NetName=NetQ1_3 Pin=R11-2
Added Pin To Net: NetName=RELAY2 Pin=R21-1
Added Pin To Net: NetName=NetQ2_3 Pin=R21-2
Added Pin To Net: NetName=RELAY3 Pin=R31-1
Added Pin To Net: NetName=NetQ3_3 Pin=R31-2
Added Pin To Net: NetName=RELAY4 Pin=R41-1
Added Pin To Net: NetName=NetQ4_3 Pin=R41-2
Added Pin To Net: NetName=RELAY5 Pin=R51-1
Added Pin To Net: NetName=NetQ5_3 Pin=R51-2
Added Pin To Net: NetName=NetLED1_2 Pin=R61-1
Added Pin To Net: NetName=GND Pin=R61-2
Added Pin To Net: NetName=GND Pin=R71-1
Added Pin To Net: NetName=NetC5_1 Pin=R71-2
Added Pin To Net: NetName=NetLED2_2 Pin=R81-1
Added Pin To Net: NetName=GND Pin=R81-2
Added Pin To Net: NetName=RST Pin=R91-1
Added Pin To Net: NetName=3V3 Pin=R91-2
Added Pin To Net: NetName=NetLED3_2 Pin=R102-1
Added Pin To Net: NetName=GND Pin=R102-2
Added Pin To Net: NetName=OUT_3 Pin=R112-1
Added Pin To Net: NetName=GND Pin=R112-2
Added Pin To Net: NetName=OUT_2 Pin=R122-1
Added Pin To Net: NetName=GND Pin=R122-2
Added Pin To Net: NetName=OUT_1 Pin=R132-1
Added Pin To Net: NetName=GND Pin=R132-2
Added Member To Class: ClassName=so do mach Member=Component *1 Component_1
Added Member To Class: ClassName=so do mach Member=Component C5 103
Added Member To Class: ClassName=so do mach Member=Component C6 103
Added Member To Class: ClassName=so do mach Member=Component C7 Capacitor Ceramic
Added Member To Class: ClassName=so do mach Member=Component C9 12p
Added Member To Class: ClassName=so do mach Member=Component C10 12p
Added Member To Class: ClassName=so do mach Member=Component C11 105
Added Member To Class: ClassName=so do mach Member=Component C21 105
Added Member To Class: ClassName=so do mach Member=Component C41 220uF
Added Member To Class: ClassName=so do mach Member=Component C81 Capacitor Ceramic
Added Member To Class: ClassName=so do mach Member=Component C112 Capacitor Ceramic
Added Member To Class: ClassName=so do mach Member=Component L1 10uH
Added Member To Class: ClassName=so do mach Member=Component L2 10uH
Added Member To Class: ClassName=so do mach Member=Component R11 1k
Added Member To Class: ClassName=so do mach Member=Component R21 1k
Added Member To Class: ClassName=so do mach Member=Component R31 1k
Added Member To Class: ClassName=so do mach Member=Component R41 1k
Added Member To Class: ClassName=so do mach Member=Component R51 1k
Added Member To Class: ClassName=so do mach Member=Component R61 100
Added Member To Class: ClassName=so do mach Member=Component R71 1ohm
Added Member To Class: ClassName=so do mach Member=Component R81 100
Added Member To Class: ClassName=so do mach Member=Component R91 47k
Added Member To Class: ClassName=so do mach Member=Component R102 100
Added Member To Class: ClassName=so do mach Member=Component R112 100
Added Member To Class: ClassName=so do mach Member=Component R122 100
Added Member To Class: ClassName=so do mach Member=Component R132 100
Added Room: Name=so do mach
