Removed Pin From Net: NetName=+5 Pin=C5-2
Removed Pin From Net: NetName=+5 Pin=C6-2
Removed Pin From Net: NetName=GND Pin=C81-1
Removed Pin From Net: NetName=+5 Pin=J4-1
Removed Pin From Net: NetName=3V3 Pin=J4-3
Removed Pin From Net: NetName=GND Pin=R2-1
Removed Pin From Net: NetName=GND Pin=R3-1
Removed Pin From Net: NetName=GND Pin=R4-1
Removed Pin From Net: NetName=GND Pin=R5-1
Removed Pin From Net: NetName=GND Pin=R6-1
Removed Pin From Net: NetName=GND Pin=R7-1
Removed Pin From Net: NetName=GND Pin=R8-1
Removed Pin From Net: NetName=GND Pin=R9-1
Removed Pin From Net: NetName=+5 Pin=RF2-1
Removed Pin From Net: NetName=+5 Pin=SSR1-3
Removed Pin From Net: NetName=+5 Pin=SSR2-3
Removed Pin From Net: NetName=+5 Pin=SSR3-3
Removed Pin From Net: NetName=+5 Pin=SSR4-3
Removed Pin From Net: NetName=+5 Pin=SSR5-3
Removed Pin From Net: NetName=+5 Pin=U2-20
Removed Member From Class: ClassName=so do mach Member=C41
Removed Member From Class: ClassName=so do mach Member=C81
Removed Member From Class: ClassName=so do mach Member=R21
Removed Member From Class: ClassName=so do mach Member=R31
Removed Member From Class: ClassName=so do mach Member=R41
Removed Member From Class: ClassName=so do mach Member=R51
Removed Member From Class: ClassName=so do mach Member=R61
Removed Member From Class: ClassName=so do mach Member=R81
Removed Member From Class: ClassName=so do mach Member=R91
Removed Member From Class: ClassName=so do mach Member=R102
Change Component Footprint: Designator=C7 Old Footprint=C0805 New Footprint=CM-0805
Change Component Footprint: Designator=C2 Old Footprint=CM-1206 New Footprint=CM-0805
Change Component Footprint: Designator=C3 Old Footprint=CM-1206 New Footprint=CM-0805
Change Component Footprint: Designator=C4 Old Footprint=CM-1206 New Footprint=CM-0805
Change Component Footprint: Designator=C11 Old Footprint=CM-1206 New Footprint=CM-0805
Change Component Footprint: Designator=C21 Old Footprint=CM-1206 New Footprint=CM-0805
Change Component Footprint: Designator=LED2 Old Footprint=LED-5-Green New Footprint=LED-3
Change Component Footprint: Designator=LED3 Old Footprint=LED-5-RED New Footprint=LED-3
Change Component Footprint: Designator=LED1 Old Footprint=LED-5-Yellow New Footprint=LED-3
Change Component Footprint: Designator=R2 Old Footprint=RM-0805 New Footprint=R1/4W
Change Component Footprint: Designator=R10 Old Footprint=RM-0805 New Footprint=RM-1206
Change Component Footprint: Designator=L1 Old Footprint=SM-RES-0805 New Footprint=R1/4W
Change Component Footprint: Designator=L2 Old Footprint=SM-RES-0805 New Footprint=R1/4W
Change Component Footprint: Designator=R11 Old Footprint=SM-RES-0805 New Footprint=R1/4W
Change Component Footprint: Designator=R21 Old Footprint=SM-RES-0805 New Footprint=R1/4W
Change Component Footprint: Designator=R31 Old Footprint=SM-RES-0805 New Footprint=R1/4W
Change Component Footprint: Designator=R41 Old Footprint=SM-RES-0805 New Footprint=R1/4W
Change Component Footprint: Designator=R51 Old Footprint=SM-RES-0805 New Footprint=R1/4W
Change Component Footprint: Designator=R61 Old Footprint=SM-RES-0805 New Footprint=R1/4W
Change Component Footprint: Designator=R71 Old Footprint=SM-RES-0805 New Footprint=R1/4W
Change Component Footprint: Designator=R81 Old Footprint=SM-RES-0805 New Footprint=R1/4W
Change Component Footprint: Designator=R91 Old Footprint=SM-RES-0805 New Footprint=R1/4W
Change Component Footprint: Designator=R102 Old Footprint=SM-RES-0805 New Footprint=R1/4W
Change Component Footprint: Designator=R122 Old Footprint=SM-RES-0805 New Footprint=R1/4W
Change Component Footprint: Designator=R132 Old Footprint=SM-RES-0805 New Footprint=R1/4W
Change Component Footprint: Designator=Q1 Old Footprint=SOT23B New Footprint=QTO-92
Change Component Footprint: Designator=Q2 Old Footprint=SOT23B New Footprint=QTO-92
Change Component Footprint: Designator=Q3 Old Footprint=SOT23B New Footprint=QTO-92
Change Component Footprint: Designator=Q4 Old Footprint=SOT23B New Footprint=QTO-92
Change Component Footprint: Designator=Q5 Old Footprint=SOT23B New Footprint=QTO-92
Change Component Comment : Designator=R10 Old Comment=1M New Comment=1K
Change Component Comment : Designator=R71 Old Comment=1ohm New Comment=1k
Change Component Comment : Designator=BA2 Old Comment=5v-600mA New Comment=*
Change Component Comment : Designator=L1 Old Comment=10uH New Comment=1k
Change Component Comment : Designator=L2 Old Comment=10uH New Comment=1k
Change Component Comment : Designator=C9 Old Comment=12p New Comment=103
Change Component Comment : Designator=C10 Old Comment=12p New Comment=103
Change Component Comment : Designator=R91 Old Comment=47k New Comment=1k
Change Component Comment : Designator=R61 Old Comment=100 New Comment=1k
Change Component Comment : Designator=R81 Old Comment=100 New Comment=1k
Change Component Comment : Designator=R102 Old Comment=100 New Comment=1k
Change Component Comment : Designator=R122 Old Comment=100 New Comment=1k
Change Component Comment : Designator=R132 Old Comment=100 New Comment=1k
Change Component Comment : Designator=C2 Old Comment=105 New Comment=103
Change Component Comment : Designator=C3 Old Comment=105 New Comment=103
Change Component Comment : Designator=C4 Old Comment=105 New Comment=103
Change Component Comment : Designator=C11 Old Comment=105 New Comment=103
Change Component Comment : Designator=C21 Old Comment=105 New Comment=103
Change Component Comment : Designator=C41 Old Comment=220uF New Comment=*
Change Component Comment : Designator=X? Old Comment=32768Hz New Comment=*
Change Component Comment : Designator=C7 Old Comment=Capacitor Ceramic New Comment=103
Change Component Comment : Designator=RF2 Old Comment=CC1101 New Comment=*
Change Component Comment : Designator=J1 Old Comment=Debug New Comment=Jumper 3
Change Component Comment : Designator=F1 Old Comment=Fuse 2A New Comment=*
Change Component Comment : Designator=F2 Old Comment=Fuse 2A New Comment=*
Change Component Comment : Designator=F3 Old Comment=Fuse 2A New Comment=*
Change Component Comment : Designator=F4 Old Comment=Fuse 2A New Comment=*
Change Component Comment : Designator=F5 Old Comment=Fuse 2A New Comment=*
Change Component Comment : Designator=JP1 Old Comment=Header 2_1 New Comment=
Change Component Comment : Designator=JP2 Old Comment=Header 2_1 New Comment=
Change Component Comment : Designator=JP3 Old Comment=Header 2_1 New Comment=
Change Component Comment : Designator=JP4 Old Comment=Header 2_1 New Comment=
Change Component Comment : Designator=JP5 Old Comment=Header 2_1 New Comment=
Change Component Comment : Designator=JP6 Old Comment=Header 2_1 New Comment=
Change Component Comment : Designator=J4 Old Comment=jum New Comment=Jumper 3
Change Component Comment : Designator=u1 Old Comment=msp430g2553 New Comment=*
Change Component Comment : Designator=SSR1 Old Comment=OMRON G3MB New Comment=*
Change Component Comment : Designator=SSR2 Old Comment=OMRON G3MB New Comment=*
Change Component Comment : Designator=SSR3 Old Comment=OMRON G3MB New Comment=*
Change Component Comment : Designator=SSR4 Old Comment=OMRON G3MB New Comment=*
Change Component Comment : Designator=SSR5 Old Comment=OMRON G3MB New Comment=*
Change Component Comment : Designator=U2 Old Comment=PT2272 New Comment=*
Change Component Comment : Designator=SW2 Old Comment=RST New Comment=*
Change Component Comment : Designator=J2 Old Comment=Sensor1 New Comment=Jumper 3
Change Component Comment : Designator=J3 Old Comment=Sensor2 New Comment=Jumper 3
Change Component Designator: OldDesignator=BA2 NewDesignator=BA1
Change Component Designator: OldDesignator=C5 NewDesignator=C14
Change Component Designator: OldDesignator=C6 NewDesignator=C15
Change Component Designator: OldDesignator=C10 NewDesignator=C12
Change Component Designator: OldDesignator=C11 NewDesignator=C5
Change Component Designator: OldDesignator=C21 NewDesignator=C1
Change Component Designator: OldDesignator=C41 NewDesignator=C6
Change Component Designator: OldDesignator=C112 NewDesignator=C13
Change Component Designator: OldDesignator=F1 NewDesignator=F2
Change Component Designator: OldDesignator=F2 NewDesignator=F3
Change Component Designator: OldDesignator=F3 NewDesignator=F4
Change Component Designator: OldDesignator=F4 NewDesignator=F5
Change Component Designator: OldDesignator=F5 NewDesignator=F6
Change Component Designator: OldDesignator=JP1 NewDesignator=JP2
Change Component Designator: OldDesignator=JP2 NewDesignator=JP3
Change Component Designator: OldDesignator=JP3 NewDesignator=JP4
Change Component Designator: OldDesignator=JP4 NewDesignator=JP5
Change Component Designator: OldDesignator=JP5 NewDesignator=JP6
Change Component Designator: OldDesignator=JP6 NewDesignator=JP1
Change Component Designator: OldDesignator=L1 NewDesignator=L2
Change Component Designator: OldDesignator=L2 NewDesignator=L1
Change Component Designator: OldDesignator=R10 NewDesignator=R15
Change Component Designator: OldDesignator=R11 NewDesignator=R4
Change Component Designator: OldDesignator=R21 NewDesignator=R5
Change Component Designator: OldDesignator=R31 NewDesignator=R8
Change Component Designator: OldDesignator=R41 NewDesignator=R9
Change Component Designator: OldDesignator=R51 NewDesignator=R11
Change Component Designator: OldDesignator=R61 NewDesignator=R3
Change Component Designator: OldDesignator=R71 NewDesignator=R12
Change Component Designator: OldDesignator=R81 NewDesignator=R6
Change Component Designator: OldDesignator=R91 NewDesignator=R10
Change Component Designator: OldDesignator=R102 NewDesignator=R7
Change Component Designator: OldDesignator=R122 NewDesignator=R13
Change Component Designator: OldDesignator=R132 NewDesignator=R14
Change Component Designator: OldDesignator=RF2 NewDesignator=RF1
Change Component Designator: OldDesignator=RN? NewDesignator=RN1
Change Component Designator: OldDesignator=SW2 NewDesignator=SW1
Change Component Designator: OldDesignator=X? NewDesignator=X1
Change component parameters (AddParameter): Name = ""; Value = "C828"; VariantName = "[No Variations]"
Change component parameters (AddParameter): Name = "Value"; Value = "C1815"; VariantName = "[No Variations]"
Change component parameters. Clean all parameters for all variants
Change component parameters (AddParameter): Name = ""; Value = "C828"; VariantName = "[No Variations]"
Change component parameters (AddParameter): Name = "Value"; Value = "C1815"; VariantName = "[No Variations]"
Change component parameters (AddParameter): Name = ""; Value = "C828"; VariantName = "[No Variations]"
Change component parameters (AddParameter): Name = "Value"; Value = "C1815"; VariantName = "[No Variations]"
Change component parameters. Clean all parameters for all variants
Change component parameters (AddParameter): Name = ""; Value = "C828"; VariantName = "[No Variations]"
Change component parameters (AddParameter): Name = "Value"; Value = "C1815"; VariantName = "[No Variations]"
Change component parameters (AddParameter): Name = ""; Value = "C828"; VariantName = "[No Variations]"
Change component parameters (AddParameter): Name = "Value"; Value = "C1815"; VariantName = "[No Variations]"
Change component parameters. Clean all parameters for all variants
Change component parameters (AddParameter): Name = ""; Value = "C828"; VariantName = "[No Variations]"
Change component parameters (AddParameter): Name = "Value"; Value = "C1815"; VariantName = "[No Variations]"
Change component parameters (AddParameter): Name = ""; Value = "C828"; VariantName = "[No Variations]"
Change component parameters (AddParameter): Name = "Value"; Value = "C1815"; VariantName = "[No Variations]"
Change component parameters. Clean all parameters for all variants
Change component parameters (AddParameter): Name = ""; Value = "C828"; VariantName = "[No Variations]"
Change component parameters (AddParameter): Name = "Value"; Value = "C1815"; VariantName = "[No Variations]"
Change component parameters (AddParameter): Name = ""; Value = "C828"; VariantName = "[No Variations]"
Change component parameters (AddParameter): Name = "Value"; Value = "C1815"; VariantName = "[No Variations]"
Change component parameters. Clean all parameters for all variants
Change component parameters (AddParameter): Name = ""; Value = "C828"; VariantName = "[No Variations]"
Change component parameters (AddParameter): Name = "Value"; Value = "C1815"; VariantName = "[No Variations]"
Change component parameters (AddParameter): Name = "Value"; Value = "R1/4W - 1K"; VariantName = "[No Variations]"
Change component parameters. Clean all parameters for all variants
Change component parameters (AddParameter): Name = "Value"; Value = "R1/4W - 1K"; VariantName = "[No Variations]"
Change component parameters (AddParameter): Name = "Value"; Value = "103"; VariantName = "[No Variations]"
Change component parameters. Clean all parameters for all variants
Change component parameters (AddParameter): Name = "Value"; Value = "103"; VariantName = "[No Variations]"
Add component (AddParameter): Name = "Value"; Value = "103"; VariantName = "[No Variations]"
Added Component: Designator=C8(CM-0805)
Add component. Clean all parameters for all variants
Add component (AddParameter): Name = "Value"; Value = "103"; VariantName = "[No Variations]"
Add component (AddParameter): Name = "Value"; Value = "103"; VariantName = "[No Variations]"
Added Component: Designator=C10(CM-0805)
Add component. Clean all parameters for all variants
Add component (AddParameter): Name = "Value"; Value = "103"; VariantName = "[No Variations]"
Add component (AddParameter): Name = "Value"; Value = "103"; VariantName = "[No Variations]"
Added Component: Designator=C11(CM-0805)
Add component. Clean all parameters for all variants
Add component (AddParameter): Name = "Value"; Value = "103"; VariantName = "[No Variations]"
Add component (AddParameter): Name = "Value"; Value = "103"; VariantName = "[No Variations]"
Added Component: Designator=C16(CM-0805)
Add component. Clean all parameters for all variants
Add component (AddParameter): Name = "Value"; Value = "103"; VariantName = "[No Variations]"
Add component (AddParameter): Name = "Value"; Value = "103"; VariantName = "[No Variations]"
Added Component: Designator=C17(CM-0805)
Add component. Clean all parameters for all variants
Add component (AddParameter): Name = "Value"; Value = "103"; VariantName = "[No Variations]"
Added Component: Designator=F1(Fuse 2A - duplicate)
Add component. Clean all parameters for all variants
Add component (AddParameter): Name = "Value"; Value = "Connector 6"; VariantName = "[No Variations]"
Added Component: Designator=JP7(CON6)
Add component. Clean all parameters for all variants
Add component (AddParameter): Name = "Value"; Value = "Connector 6"; VariantName = "[No Variations]"
Add component (AddParameter): Name = "Value"; Value = "R1/4W - 1K"; VariantName = "[No Variations]"
Added Component: Designator=L3(R1/4W)
Add component. Clean all parameters for all variants
Add component (AddParameter): Name = "Value"; Value = "R1/4W - 1K"; VariantName = "[No Variations]"
Added Pin To Net: NetName=GND Pin=C8-1
Added Pin To Net: NetName=NetC7_2 Pin=C8-2
Added Pin To Net: NetName=GND Pin=C10-1
Added Pin To Net: NetName=GND Pin=C11-1
Added Pin To Net: NetName=GND Pin=C16-1
Added Pin To Net: NetName=GND Pin=C17-1
Added Pin To Net: NetName=3V3 Pin=J4-1
Added Pin To Net: NetName=+5 Pin=J4-3
Added Pin To Net: NetName=+5 Pin=JP7-5
Added Pin To Net: NetName=GND Pin=JP7-6
Added Pin To Net: NetName=+5 Pin=L3-1
Added Pin To Net: NetName=+5 Pin=R2-1
Change Net Name : Old Net Name=NetBA2_2 New Net Name=NetBA1_2
Change Net Name : Old Net Name=NetC5_1 New Net Name=NetC14_1
Change Net Name : Old Net Name=NetC10_1 New Net Name=NetC12_1
Change Net Name : Old Net Name=NetC21_2 New Net Name=NetC1_2
Change Net Name : Old Net Name=NetF1_1 New Net Name=NetF2_1
Change Net Name : Old Net Name=NetF1_2 New Net Name=NetF2_2
Change Net Name : Old Net Name=NetF2_1 New Net Name=NetF3_1
Change Net Name : Old Net Name=NetF2_2 New Net Name=NetF3_2
Change Net Name : Old Net Name=NetF3_1 New Net Name=NetF4_1
Change Net Name : Old Net Name=NetF3_2 New Net Name=NetF4_2
Change Net Name : Old Net Name=NetF4_1 New Net Name=NetF5_1
Change Net Name : Old Net Name=NetF4_2 New Net Name=NetF5_2
Change Net Name : Old Net Name=NetF5_1 New Net Name=NetF6_1
Change Net Name : Old Net Name=NetF5_2 New Net Name=NetF6_2
Change Net Name : Old Net Name=NetJP1_2 New Net Name=NetJP2_2
Change Net Name : Old Net Name=NetJP2_2 New Net Name=NetJP3_2
Change Net Name : Old Net Name=NetJP3_2 New Net Name=NetJP4_2
Change Net Name : Old Net Name=NetJP4_2 New Net Name=NetJP5_2
Change Net Name : Old Net Name=NetJP5_2 New Net Name=NetJP6_2
Change Net Name : Old Net Name=NetR10_1 New Net Name=NetR15_1
Change Net Name : Old Net Name=NetR10_2 New Net Name=NetR15_2
Added Pin To Net: NetName=NetBA1_1 Pin=BA1-1
Added Pin To Net: NetName=NetBA1_1 Pin=F1-2
Added Net: Name=NetBA1_1
Added Pin To Net: NetName=NetC10_2 Pin=C10-2
Added Pin To Net: NetName=NetC10_2 Pin=C11-2
Added Pin To Net: NetName=NetC10_2 Pin=L2-2
Added Pin To Net: NetName=NetC10_2 Pin=u1-1
Added Net: Name=NetC10_2
Added Pin To Net: NetName=NetC14_2 Pin=C14-2
Added Pin To Net: NetName=NetC14_2 Pin=C15-2
Added Pin To Net: NetName=NetC14_2 Pin=R2-2
Added Pin To Net: NetName=NetC14_2 Pin=SSR1-3
Added Pin To Net: NetName=NetC14_2 Pin=SSR2-3
Added Pin To Net: NetName=NetC14_2 Pin=SSR3-3
Added Pin To Net: NetName=NetC14_2 Pin=SSR4-3
Added Pin To Net: NetName=NetC14_2 Pin=SSR5-3
Added Net: Name=NetC14_2
Added Pin To Net: NetName=NetC16_2 Pin=C16-2
Added Pin To Net: NetName=NetC16_2 Pin=C17-2
Added Pin To Net: NetName=NetC16_2 Pin=L3-2
Added Pin To Net: NetName=NetC16_2 Pin=RF2-1
Added Pin To Net: NetName=NetC16_2 Pin=U2-20
Added Net: Name=NetC16_2
Added Pin To Net: NetName=NetF1_1 Pin=F1-1
Added Pin To Net: NetName=NetF1_1 Pin=JP1-2
Added Net: Name=NetF1_1
Added Pin To Net: NetName=NetJP7_1 Pin=JP7-1
Added Pin To Net: NetName=NetJP7_1 Pin=u1-9
Added Pin To Net: NetName=NetJP7_1 Pin=U2-12
Added Net: Name=NetJP7_1
Added Pin To Net: NetName=NetJP7_2 Pin=JP7-2
Added Pin To Net: NetName=NetJP7_2 Pin=u1-8
Added Pin To Net: NetName=NetJP7_2 Pin=U2-13
Added Net: Name=NetJP7_2
Added Pin To Net: NetName=NetJP7_3 Pin=JP7-3
Added Pin To Net: NetName=NetJP7_3 Pin=u1-6
Added Pin To Net: NetName=NetJP7_3 Pin=U2-14
Added Net: Name=NetJP7_3
Added Pin To Net: NetName=NetJP7_4 Pin=JP7-4
Added Pin To Net: NetName=NetJP7_4 Pin=u1-5
Added Pin To Net: NetName=NetJP7_4 Pin=U2-15
Added Net: Name=NetJP7_4
Added Pin To Net: NetName=NetRN1_2 Pin=RN1-2
Added Pin To Net: NetName=NetRN1_2 Pin=U2-1
Added Net: Name=NetRN1_2
Added Pin To Net: NetName=NetRN1_3 Pin=RN1-3
Added Pin To Net: NetName=NetRN1_3 Pin=U2-2
Added Net: Name=NetRN1_3
Added Pin To Net: NetName=NetRN1_4 Pin=RN1-4
Added Pin To Net: NetName=NetRN1_4 Pin=U2-3
Added Net: Name=NetRN1_4
Added Pin To Net: NetName=NetRN1_5 Pin=RN1-5
Added Pin To Net: NetName=NetRN1_5 Pin=U2-4
Added Net: Name=NetRN1_5
Added Pin To Net: NetName=NetRN1_6 Pin=RN1-6
Added Pin To Net: NetName=NetRN1_6 Pin=U2-5
Added Net: Name=NetRN1_6
Added Pin To Net: NetName=NetRN1_7 Pin=RN1-7
Added Pin To Net: NetName=NetRN1_7 Pin=U2-6
Added Net: Name=NetRN1_7
Added Pin To Net: NetName=NetRN1_8 Pin=RN1-8
Added Pin To Net: NetName=NetRN1_8 Pin=U2-7
Added Net: Name=NetRN1_8
Added Pin To Net: NetName=NetRN1_9 Pin=RN1-9
Added Pin To Net: NetName=NetRN1_9 Pin=U2-8
Added Net: Name=NetRN1_9
Added Member To Class: ClassName=so do mach Member=Component C8 103
Added Member To Class: ClassName=so do mach Member=Component C12 103
Added Member To Class: ClassName=so do mach Member=Component C14 103
Added Member To Class: ClassName=so do mach Member=Component C15 103
Added Member To Class: ClassName=so do mach Member=Component C16 103
Added Member To Class: ClassName=so do mach Member=Component C17 103
Added Member To Class: ClassName=so do mach Member=Component JP7 JP6
Added Member To Class: ClassName=so do mach Member=Component L3 1k
Added Member To Class: ClassName=so do mach Member=Component R15 1K
Added Member To Class: ClassName=so do mach Member=Component RF1 *
Added Room: Name=so do mach
