Removed Pin From Net: NetName=3V3 Pin=C1-1
Removed Pin From Net: NetName=GND Pin=C4-1
Removed Pin From Net: NetName=3V3 Pin=C4-2
Removed Pin From Net: NetName=GND Pin=C6-1
Removed Pin From Net: NetName=3V3 Pin=C6-2
Removed Pin From Net: NetName=NetC10_1 Pin=C7-1
Removed Pin From Net: NetName=GND Pin=C7-2
Removed Pin From Net: NetName=3V3 Pin=JP3-8
Removed Pin From Net: NetName=LED GREEN Pin=LED1-1
Removed Pin From Net: NetName=NetLED2_2 Pin=LED1-2
Removed Pin From Net: NetName=GND Pin=Q1-1
Removed Pin From Net: NetName=GND Pin=Q2-1
Removed Pin From Net: NetName=GND Pin=Q3-1
Removed Pin From Net: NetName=GND Pin=Q4-1
Removed Pin From Net: NetName=GND Pin=Q5-1
Removed Pin From Net: NetName=OUT_3 Pin=R5-1
Removed Pin From Net: NetName=3V3 Pin=SSR1-2
Removed Pin From Net: NetName=3V3 Pin=SSR2-2
Removed Pin From Net: NetName=3V3 Pin=SSR3-2
Removed Pin From Net: NetName=3V3 Pin=SSR4-2
Removed Pin From Net: NetName=3V3 Pin=SSR5-2
Removed Member From Class: ClassName=so do mach Member=C1
Removed Member From Class: ClassName=so do mach Member=JP3
Removed Member From Class: ClassName=so do mach Member=JP8
Added Component: Designator=C8(C0805)
Added Component: Designator=C9(C0805)
Added Component: Designator=C10(CM-0805)
Added Component: Designator=LED2(LED0805)
Added Component: Designator=R7(SM-RES-0805)
Added Component: Designator=R8(SM-RES-0805)
Added Component: Designator=R9(SM-RES-0805)
Added Component: Designator=R10(SM-RES-0805)
Added Component: Designator=R11(SM-RES-0805)
Added Pin To Net: NetName=+5 Pin=C4-1
Added Pin To Net: NetName=GND Pin=C4-2
Added Pin To Net: NetName=+5 Pin=C6-2
Added Pin To Net: NetName=+5 Pin=C7-2
Added Pin To Net: NetName=GND Pin=C3-1
Added Pin To Net: NetName=3V3 Pin=C3-2
Added Pin To Net: NetName=GND Pin=C4-1
Added Pin To Net: NetName=3V3 Pin=C4-2
Added Pin To Net: NetName=NetC10_1 Pin=C7-1
Added Pin To Net: NetName=GND Pin=C7-2
Added Pin To Net: NetName=+5 Pin=LED1-1
Added Pin To Net: NetName=NetLED1_2 Pin=LED1-2
Added Pin To Net: NetName=LED GREEN Pin=LED1-1
Added Pin To Net: NetName=NetLED2_2 Pin=LED1-2
Added Pin To Net: NetName=RELAY1 Pin=R1-1
Added Pin To Net: NetName=RELAY2 Pin=R2-1
Added Pin To Net: NetName=RELAY3 Pin=R3-1
Added Pin To Net: NetName=RELAY4 Pin=R4-1
Added Pin To Net: NetName=GND Pin=R5-1
Added Pin To Net: NetName=RELAY5 Pin=R6-1
Added Pin To Net: NetName=NetLED1_2 Pin=R1-1
Added Pin To Net: NetName=GND Pin=R1-2
Added Pin To Net: NetName=NetLED2_2 Pin=R2-1
Added Pin To Net: NetName=GND Pin=R2-2
Added Pin To Net: NetName=RST Pin=R3-1
Added Pin To Net: NetName=3V3 Pin=R3-2
Added Pin To Net: NetName=NetLED3_2 Pin=R4-1
Added Pin To Net: NetName=GND Pin=R4-2
Added Pin To Net: NetName=OUT_3 Pin=R5-1
Added Pin To Net: NetName=GND Pin=R5-2
Added Pin To Net: NetName=+5 Pin=SSR1-2
Added Pin To Net: NetName=+5 Pin=SSR2-2
Added Pin To Net: NetName=+5 Pin=SSR3-2
Added Pin To Net: NetName=+5 Pin=SSR4-2
Added Pin To Net: NetName=+5 Pin=SSR5-2
Added Pin To Net: NetName=NetC6_1 Pin=C6-1
Added Pin To Net: NetName=NetC6_1 Pin=C7-1
Added Pin To Net: NetName=NetC6_1 Pin=Q1-1
Added Pin To Net: NetName=NetC6_1 Pin=Q2-1
Added Pin To Net: NetName=NetC6_1 Pin=Q3-1
Added Pin To Net: NetName=NetC6_1 Pin=Q4-1
Added Pin To Net: NetName=NetC6_1 Pin=Q5-1
Added Pin To Net: NetName=NetC6_1 Pin=R5-2
Added Net: Name=NetC6_1
Added Member To Class: ClassName=so do mach Member=Component C8 Capacitor Ceramic
Added Member To Class: ClassName=so do mach Member=Component LED2 LED3
Added Member To Class: ClassName=so do mach Member=Component R7 100
