Change Component Footprint: Designator=L1 Old Footprint=SM-RES-0805 New Footprint=R1/4W
Change Component Footprint: Designator=L2 Old Footprint=SM-RES-0805 New Footprint=R1/4W
Change Component Footprint: Designator=L3 Old Footprint=SM-RES-0805 New Footprint=R1/4W
Change Component Footprint: Designator=R1 Old Footprint=SM-RES-0805 New Footprint=R1/4W
Change Component Footprint: Designator=R2 Old Footprint=SM-RES-0805 New Footprint=R1/4W
Change Component Footprint: Designator=R3 Old Footprint=SM-RES-0805 New Footprint=R1/4W
Change Component Footprint: Designator=R4 Old Footprint=SM-RES-0805 New Footprint=R1/4W
Change Component Footprint: Designator=R5 Old Footprint=SM-RES-0805 New Footprint=R1/4W
Change Component Footprint: Designator=R6 Old Footprint=SM-RES-0805 New Footprint=R1/4W
Change Component Footprint: Designator=R7 Old Footprint=SM-RES-0805 New Footprint=R1/4W
Change Component Footprint: Designator=R8 Old Footprint=SM-RES-0805 New Footprint=R1/4W
Change Component Footprint: Designator=R9 Old Footprint=SM-RES-0805 New Footprint=R1/4W
Change Component Footprint: Designator=R10 Old Footprint=SM-RES-0805 New Footprint=R1/4W
Change Component Footprint: Designator=R11 Old Footprint=SM-RES-0805 New Footprint=R1/4W
Change Component Footprint: Designator=R12 Old Footprint=SM-RES-0805 New Footprint=R1/4W
Change Component Footprint: Designator=R13 Old Footprint=SM-RES-0805 New Footprint=R1/4W
Change Component Footprint: Designator=R14 Old Footprint=SM-RES-0805 New Footprint=R1/4W
Change Component Footprint: Designator=R15 Old Footprint=SM-RES-0805 New Footprint=R1/4W
Change Component Footprint: Designator=R16 Old Footprint=SM-RES-0805 New Footprint=R1/4W
Change Component Footprint: Designator=R17 Old Footprint=SM-RES-0805 New Footprint=R1/4W
Change Component Footprint: Designator=Q1 Old Footprint=SOT23B New Footprint=QTO-92
Change Component Footprint: Designator=Q2 Old Footprint=SOT23B New Footprint=QTO-92
Change Component Footprint: Designator=Q3 Old Footprint=SOT23B New Footprint=QTO-92
Change Component Footprint: Designator=Q4 Old Footprint=SOT23B New Footprint=QTO-92
Change Component Footprint: Designator=Q5 Old Footprint=SOT23B New Footprint=QTO-92
Change Component Comment : Designator=R17 Old Comment=1m New Comment=1k
Change Component Comment : Designator=D1 Old Comment=1N4148 New Comment=*
Change Component Comment : Designator=R1 Old Comment=1ohm New Comment=1k
Change Component Comment : Designator=R2 Old Comment=1ohm New Comment=1k
Change Component Comment : Designator=R14 Old Comment=1ohm New Comment=1k
Change Component Comment : Designator=R15 Old Comment=10k New Comment=1k
Change Component Comment : Designator=R16 Old Comment=10k New Comment=1k
Change Component Comment : Designator=L1 Old Comment=10uH New Comment=1k
Change Component Comment : Designator=L2 Old Comment=10uH New Comment=1k
Change Component Comment : Designator=L3 Old Comment=10uH New Comment=1k
Change Component Comment : Designator=R12 Old Comment=47k New Comment=1k
Change Component Comment : Designator=C6 Old Comment=220uF New Comment=*
Change Component Comment : Designator=J1 Old Comment=Debug New Comment=CON3
Change Component Comment : Designator=J4 Old Comment=Jumper New Comment=CON3
Change Component Comment : Designator=SW1 Old Comment=RST New Comment=*
Change component parameters (AddParameter): Name = ""; Value = "C828"; VariantName = "[No Variations]"
Change component parameters (AddParameter): Name = "Value"; Value = "C1815"; VariantName = "[No Variations]"
Change component parameters. Clean all parameters for all variants
Change component parameters (AddParameter): Name = ""; Value = "C828"; VariantName = "[No Variations]"
Change component parameters (AddParameter): Name = "Value"; Value = "C1815"; VariantName = "[No Variations]"
Change component parameters (AddParameter): Name = ""; Value = "C828"; VariantName = "[No Variations]"
Change component parameters (AddParameter): Name = "Value"; Value = "C1815"; VariantName = "[No Variations]"
Change component parameters. Clean all parameters for all variants
Change component parameters (AddParameter): Name = ""; Value = "C828"; VariantName = "[No Variations]"
Change component parameters (AddParameter): Name = "Value"; Value = "C1815"; VariantName = "[No Variations]"
Change component parameters (AddParameter): Name = ""; Value = "C828"; VariantName = "[No Variations]"
Change component parameters (AddParameter): Name = "Value"; Value = "C1815"; VariantName = "[No Variations]"
Change component parameters. Clean all parameters for all variants
Change component parameters (AddParameter): Name = ""; Value = "C828"; VariantName = "[No Variations]"
Change component parameters (AddParameter): Name = "Value"; Value = "C1815"; VariantName = "[No Variations]"
Change component parameters (AddParameter): Name = ""; Value = "C828"; VariantName = "[No Variations]"
Change component parameters (AddParameter): Name = "Value"; Value = "C1815"; VariantName = "[No Variations]"
Change component parameters. Clean all parameters for all variants
Change component parameters (AddParameter): Name = ""; Value = "C828"; VariantName = "[No Variations]"
Change component parameters (AddParameter): Name = "Value"; Value = "C1815"; VariantName = "[No Variations]"
Change component parameters (AddParameter): Name = ""; Value = "C828"; VariantName = "[No Variations]"
Change component parameters (AddParameter): Name = "Value"; Value = "C1815"; VariantName = "[No Variations]"
Change component parameters. Clean all parameters for all variants
Change component parameters (AddParameter): Name = ""; Value = "C828"; VariantName = "[No Variations]"
Change component parameters (AddParameter): Name = "Value"; Value = "C1815"; VariantName = "[No Variations]"
