Added Component: Designator=*1(470uH)
Added Component: Designator=*2(DIOM5127X24N)
Added Component: Designator=C1(CP1.5/3.4)
Added Component: Designator=C2(CP1.5/3.4)
Added Component: Designator=C3(CP1.5/3.4)
Added Component: Designator=C4(CP1.5/3.4)
Added Component: Designator=C5(CN2)
Added Component: Designator=C6(CN2)
Added Component: Designator=C7(CN2)
Added Component: Designator=C8(CN2)
Added Component: Designator=C9(CN2)
Added Component: Designator=C10(CN1.5)
Added Component: Designator=C11(CN2)
Added Component: Designator=C12(CN2)
Added Component: Designator=C13(CN2)
Added Component: Designator=C14(CN2)
Added Component: Designator=D1(D1A)
Added Component: Designator=D2(D1A)
Added Component: Designator=D3(D1A)
Added Component: Designator=F1(Fuse)
Added Component: Designator=F2(Fuse)
Added Component: Designator=HD1(HED2)
Added Component: Designator=HD2(HED2)
Added Component: Designator=HD3(HED2)
Added Component: Designator=HD4(HED2)
Added Component: Designator=HD5(HED2)
Added Component: Designator=IC1(SOT223-4N)
Added Component: Designator=IC2(QTO-263)
Added Component: Designator=JDC1(DC-IN)
Added Component: Designator=JDC2(DC-IN)
Added Component: Designator=JP1(CON2)
Added Component: Designator=JP2(CON2)
Added Component: Designator=JP3(CON3)
Added Component: Designator=JP4(CON8)
Added Component: Designator=JP5(CON3)
Added Component: Designator=JP6(CON3)
Added Component: Designator=LED1(LED-5-RED)
Added Component: Designator=LED2(LED-5-RED)
Added Component: Designator=LED3(LED-5-Green)
Added Component: Designator=LED4(LED-5-RED)
Added Component: Designator=Q1(QTO-92)
Added Component: Designator=Q2(QTO-92)
Added Component: Designator=R1(R1/4W)
Added Component: Designator=R2(R1/4W)
Added Component: Designator=R3(R1/4W)
Added Component: Designator=R4(R1/4W)
Added Component: Designator=R5(R1/4W)
Added Component: Designator=R6(R1/4W)
Added Component: Designator=R7(R1/4W)
Added Component: Designator=R8(R1/4W)
Added Component: Designator=R9(R1/4W)
Added Component: Designator=R10(R1/4W)
Added Component: Designator=R11(R1/4W)
Added Component: Designator=R12(R1/4W)
Added Component: Designator=R13(R1/4W)
Added Component: Designator=Relay1(PCBComponent_1 - duplicate1)
Added Component: Designator=Relay2(PCBComponent_1 - duplicate1)
Added Component: Designator=RF1(HDR2X4_CEN)
Added Component: Designator=RF2(HDR2X4_CEN)
Added Component: Designator=SW1(SW2)
Added Component: Designator=U1(DIP4/W0.3)
Added Component: Designator=U2(DIP20)
Added Component: Designator=U3(DIP4/W0.3)
Added Pin To Net: NetName=+5 Pin=C3-1
Added Pin To Net: NetName=+5 Pin=C6-2
Added Pin To Net: NetName=+5 Pin=C8-2
Added Pin To Net: NetName=+5 Pin=C12-2
Added Pin To Net: NetName=+5 Pin=D2-2
Added Pin To Net: NetName=+5 Pin=D3-2
Added Pin To Net: NetName=+5 Pin=IC1-3
Added Pin To Net: NetName=+5 Pin=JDC2-1
Added Pin To Net: NetName=+5 Pin=JP1-1
Added Pin To Net: NetName=+5 Pin=JP2-1
Added Pin To Net: NetName=+5 Pin=JP5-3
Added Pin To Net: NetName=+5 Pin=LED1-1
Added Pin To Net: NetName=+5 Pin=LED2-1
Added Pin To Net: NetName=+5 Pin=U1-1
Added Pin To Net: NetName=+5 Pin=U1-4
Added Pin To Net: NetName=+5 Pin=U3-1
Added Pin To Net: NetName=+5 Pin=U3-4
Added Net: Name=+5
Added Pin To Net: NetName=3V3 Pin=C4-1
Added Pin To Net: NetName=3V3 Pin=C7-2
Added Pin To Net: NetName=3V3 Pin=C9-2
Added Pin To Net: NetName=3V3 Pin=C11-2
Added Pin To Net: NetName=3V3 Pin=C13-2
Added Pin To Net: NetName=3V3 Pin=C14-2
Added Pin To Net: NetName=3V3 Pin=IC1-2
Added Pin To Net: NetName=3V3 Pin=JP4-1
Added Pin To Net: NetName=3V3 Pin=JP6-3
Added Pin To Net: NetName=3V3 Pin=R7-1
Added Pin To Net: NetName=3V3 Pin=RF1-5
Added Pin To Net: NetName=3V3 Pin=RF2-5
Added Pin To Net: NetName=3V3 Pin=U2-1
Added Net: Name=3V3
Added Pin To Net: NetName=CSN_1 Pin=R5-1
Added Pin To Net: NetName=CSN_1 Pin=R6-2
Added Pin To Net: NetName=CSN_1 Pin=U2-5
Added Net: Name=CSN_1
Added Pin To Net: NetName=CSN Pin=RF1-6
Added Pin To Net: NetName=CSN Pin=RF2-3
Added Pin To Net: NetName=CSN Pin=RF2-6
Added Pin To Net: NetName=CSN Pin=U2-6
Added Net: Name=CSN
Added Pin To Net: NetName=GD00 Pin=RF1-2
Added Pin To Net: NetName=GD00 Pin=RF2-2
Added Pin To Net: NetName=GD00 Pin=U2-8
Added Net: Name=GD00
Added Pin To Net: NetName=GD02 Pin=U2-10
Added Net: Name=GD02
Added Pin To Net: NetName=GND Pin=*2-2
Added Pin To Net: NetName=GND Pin=C1-2
Added Pin To Net: NetName=GND Pin=C2-2
Added Pin To Net: NetName=GND Pin=C3-2
Added Pin To Net: NetName=GND Pin=C4-2
Added Pin To Net: NetName=GND Pin=C5-1
Added Pin To Net: NetName=GND Pin=C6-1
Added Pin To Net: NetName=GND Pin=C7-1
Added Pin To Net: NetName=GND Pin=C8-1
Added Pin To Net: NetName=GND Pin=C9-1
Added Pin To Net: NetName=GND Pin=C10-2
Added Pin To Net: NetName=GND Pin=C11-1
Added Pin To Net: NetName=GND Pin=C12-1
Added Pin To Net: NetName=GND Pin=C13-1
Added Pin To Net: NetName=GND Pin=C14-1
Added Pin To Net: NetName=GND Pin=HD1-2
Added Pin To Net: NetName=GND Pin=HD3-2
Added Pin To Net: NetName=GND Pin=IC1-1
Added Pin To Net: NetName=GND Pin=IC2-3
Added Pin To Net: NetName=GND Pin=IC2-5
Added Pin To Net: NetName=GND Pin=JDC1-2
Added Pin To Net: NetName=GND Pin=JDC1-3
Added Pin To Net: NetName=GND Pin=JDC2-2
Added Pin To Net: NetName=GND Pin=JDC2-3
Added Pin To Net: NetName=GND Pin=JP1-2
Added Pin To Net: NetName=GND Pin=JP2-2
Added Pin To Net: NetName=GND Pin=JP3-1
Added Pin To Net: NetName=GND Pin=JP4-3
Added Pin To Net: NetName=GND Pin=JP5-1
Added Pin To Net: NetName=GND Pin=JP6-1
Added Pin To Net: NetName=GND Pin=Q1-1
Added Pin To Net: NetName=GND Pin=Q2-1
Added Pin To Net: NetName=GND Pin=R4-2
Added Pin To Net: NetName=GND Pin=R6-1
Added Pin To Net: NetName=GND Pin=R11-1
Added Pin To Net: NetName=GND Pin=R12-1
Added Pin To Net: NetName=GND Pin=R13-2
Added Pin To Net: NetName=GND Pin=Relay1-2
Added Pin To Net: NetName=GND Pin=Relay2-2
Added Pin To Net: NetName=GND Pin=RF1-1
Added Pin To Net: NetName=GND Pin=RF2-1
Added Pin To Net: NetName=GND Pin=SW1-2
Added Pin To Net: NetName=GND Pin=U2-20
Added Net: Name=GND
Added Pin To Net: NetName=IRQ Pin=RF1-8
Added Pin To Net: NetName=IRQ Pin=RF2-8
Added Net: Name=IRQ
Added Pin To Net: NetName=LED GREEN Pin=LED3-1
Added Pin To Net: NetName=LED GREEN Pin=U2-13
Added Net: Name=LED GREEN
Added Pin To Net: NetName=LED RED Pin=LED4-1
Added Pin To Net: NetName=LED RED Pin=U2-2
Added Net: Name=LED RED
Added Pin To Net: NetName=MISO_1 Pin=RF2-4
Added Pin To Net: NetName=MISO_1 Pin=U2-3
Added Net: Name=MISO_1
Added Pin To Net: NetName=MISO Pin=JP4-5
Added Pin To Net: NetName=MISO Pin=RF1-4
Added Pin To Net: NetName=MISO Pin=U2-14
Added Net: Name=MISO
Added Pin To Net: NetName=MOSI_1 Pin=RF2-7
Added Pin To Net: NetName=MOSI_1 Pin=U2-4
Added Net: Name=MOSI_1
Added Pin To Net: NetName=MOSI Pin=JP4-6
Added Pin To Net: NetName=MOSI Pin=RF1-7
Added Pin To Net: NetName=MOSI Pin=U2-15
Added Net: Name=MOSI
Added Pin To Net: NetName=Net*1_1 Pin=*2-1
Added Pin To Net: NetName=Net*1_1 Pin=IC2-2
Added Net: Name=Net*1_1
Added Pin To Net: NetName=NetC1_1 Pin=C1-1
Added Pin To Net: NetName=NetC1_1 Pin=C5-2
Added Pin To Net: NetName=NetC1_1 Pin=D1-2
Added Pin To Net: NetName=NetC1_1 Pin=IC2-1
Added Net: Name=NetC1_1
Added Pin To Net: NetName=NetC10_1 Pin=C10-1
Added Pin To Net: NetName=NetC10_1 Pin=JP3-3
Added Pin To Net: NetName=NetC10_1 Pin=R7-2
Added Pin To Net: NetName=NetC10_1 Pin=SW1-1
Added Pin To Net: NetName=NetC10_1 Pin=U2-16
Added Net: Name=NetC10_1
Added Pin To Net: NetName=NetD1_1 Pin=D1-1
Added Pin To Net: NetName=NetD1_1 Pin=HD1-1
Added Pin To Net: NetName=NetD1_1 Pin=JDC1-1
Added Net: Name=NetD1_1
Added Pin To Net: NetName=NetD3_1 Pin=D3-1
Added Pin To Net: NetName=NetD3_1 Pin=HD3-1
Added Net: Name=NetD3_1
Added Pin To Net: NetName=NetF1_1 Pin=F1-1
Added Pin To Net: NetName=NetF1_1 Pin=F1-1
Added Pin To Net: NetName=NetF1_1 Pin=Relay1-3
Added Net: Name=NetF1_1
Added Pin To Net: NetName=NetF1_2 Pin=F1-2
Added Pin To Net: NetName=NetF1_2 Pin=F1-2
Added Pin To Net: NetName=NetF1_2 Pin=HD2-1
Added Net: Name=NetF1_2
Added Pin To Net: NetName=NetF2_1 Pin=F2-1
Added Pin To Net: NetName=NetF2_1 Pin=F2-1
Added Pin To Net: NetName=NetF2_1 Pin=Relay2-3
Added Net: Name=NetF2_1
Added Pin To Net: NetName=NetF2_2 Pin=F2-2
Added Pin To Net: NetName=NetF2_2 Pin=F2-2
Added Pin To Net: NetName=NetF2_2 Pin=HD5-1
Added Net: Name=NetF2_2
Added Pin To Net: NetName=NetHD2_2 Pin=HD2-2
Added Pin To Net: NetName=NetHD2_2 Pin=Relay1-4
Added Net: Name=NetHD2_2
Added Pin To Net: NetName=NetHD5_2 Pin=HD5-2
Added Pin To Net: NetName=NetHD5_2 Pin=Relay2-4
Added Net: Name=NetHD5_2
Added Pin To Net: NetName=NetJP3_2 Pin=JP3-2
Added Pin To Net: NetName=NetJP3_2 Pin=U2-17
Added Net: Name=NetJP3_2
Added Pin To Net: NetName=NetLED1_2 Pin=LED1-2
Added Pin To Net: NetName=NetLED1_2 Pin=R1-2
Added Net: Name=NetLED1_2
Added Pin To Net: NetName=NetLED2_2 Pin=LED2-2
Added Pin To Net: NetName=NetLED2_2 Pin=R8-2
Added Net: Name=NetLED2_2
Added Pin To Net: NetName=NetLED3_2 Pin=LED3-2
Added Pin To Net: NetName=NetLED3_2 Pin=R11-2
Added Net: Name=NetLED3_2
Added Pin To Net: NetName=NetLED4_2 Pin=LED4-2
Added Pin To Net: NetName=NetLED4_2 Pin=R12-2
Added Net: Name=NetLED4_2
Added Pin To Net: NetName=NetQ1_2 Pin=Q1-2
Added Pin To Net: NetName=NetQ1_2 Pin=R1-1
Added Pin To Net: NetName=NetQ1_2 Pin=R2-1
Added Net: Name=NetQ1_2
Added Pin To Net: NetName=NetQ1_3 Pin=Q1-3
Added Pin To Net: NetName=NetQ1_3 Pin=R3-1
Added Pin To Net: NetName=NetQ1_3 Pin=R4-1
Added Net: Name=NetQ1_3
Added Pin To Net: NetName=NetQ2_2 Pin=Q2-2
Added Pin To Net: NetName=NetQ2_2 Pin=R8-1
Added Pin To Net: NetName=NetQ2_2 Pin=R9-1
Added Net: Name=NetQ2_2
Added Pin To Net: NetName=NetQ2_3 Pin=Q2-3
Added Pin To Net: NetName=NetQ2_3 Pin=R10-1
Added Pin To Net: NetName=NetQ2_3 Pin=R13-1
Added Net: Name=NetQ2_3
Added Pin To Net: NetName=NetR2_2 Pin=R2-2
Added Pin To Net: NetName=NetR2_2 Pin=U1-2
Added Net: Name=NetR2_2
Added Pin To Net: NetName=NetR9_2 Pin=R9-2
Added Pin To Net: NetName=NetR9_2 Pin=U3-2
Added Net: Name=NetR9_2
Added Pin To Net: NetName=NetRelay1_1 Pin=Relay1-1
Added Pin To Net: NetName=NetRelay1_1 Pin=U1-3
Added Net: Name=NetRelay1_1
Added Pin To Net: NetName=NetRelay2_1 Pin=Relay2-1
Added Pin To Net: NetName=NetRelay2_1 Pin=U3-3
Added Net: Name=NetRelay2_1
Added Pin To Net: NetName=OUT DHT Pin=JP6-2
Added Pin To Net: NetName=OUT DHT Pin=U2-12
Added Net: Name=OUT DHT
Added Pin To Net: NetName=OUT PIR Pin=JP5-2
Added Pin To Net: NetName=OUT PIR Pin=U2-9
Added Net: Name=OUT PIR
Added Pin To Net: NetName=P1.7 Pin=HD4-2
Added Pin To Net: NetName=P1.7 Pin=U2-18
Added Net: Name=P1.7
Added Pin To Net: NetName=REF Pin=C2-1
Added Pin To Net: NetName=REF Pin=D2-1
Added Pin To Net: NetName=REF Pin=IC2-4
Added Pin To Net: NetName=REF Pin=R5-2
Added Net: Name=REF
Added Pin To Net: NetName=RELAY1 Pin=HD4-1
Added Pin To Net: NetName=RELAY1 Pin=R10-2
Added Pin To Net: NetName=RELAY1 Pin=U2-19
Added Net: Name=RELAY1
Added Pin To Net: NetName=RELAY2 Pin=R3-2
Added Pin To Net: NetName=RELAY2 Pin=U2-11
Added Net: Name=RELAY2
Added Pin To Net: NetName=RST Pin=JP4-2
Added Net: Name=RST
Added Pin To Net: NetName=SCK Pin=JP4-7
Added Pin To Net: NetName=SCK Pin=RF1-3
Added Pin To Net: NetName=SCK Pin=U2-7
Added Net: Name=SCK
Added Pin To Net: NetName=SDA Pin=JP4-8
Added Net: Name=SDA
Added Class: Name=so do mach
Added Room: Name=so do mach
