Removed Pin From Net: NetName=+5 Pin=C2-2
Removed Pin From Net: NetName=GND Pin=C3-1
Removed Pin From Net: NetName=3V3 Pin=C3-2
Removed Pin From Net: NetName=+5 Pin=C4-1
Removed Pin From Net: NetName=3V3 Pin=C5-1
Removed Pin From Net: NetName=GND Pin=C5-2
Removed Pin From Net: NetName=GND Pin=C9-1
Removed Pin From Net: NetName=3V3 Pin=C9-2
Removed Pin From Net: NetName=GND Pin=R1-2
Removed Pin From Net: NetName=GND Pin=R2-2
Removed Pin From Net: NetName=RST Pin=R3-1
Removed Pin From Net: NetName=3V3 Pin=R3-2
Removed Pin From Net: NetName=GND Pin=R4-2
Removed Pin From Net: NetName=OUT_3 Pin=R5-1
Removed Pin From Net: NetName=GND Pin=R5-2
Removed Pin From Net: NetName=RELAY5 Pin=R6-1
Removed Pin From Net: NetName=NetQ5_3 Pin=R6-2
Change Component DesignItemId : Designator=C3 Old DesignItemId=CM New DesignItemId=Component_1
Change Component DesignItemId : Designator=C5 Old DesignItemId=Component_1 New DesignItemId=CM
Change Component Footprint: Designator=C5 Old Footprint=CAPAE7053X54M New Footprint=CM-0805
Change Component Footprint: Designator=C3 Old Footprint=CM-1206 New Footprint=CAPAE7053X54M
Change Component Comment : Designator=R5 Old Comment=1ohm New Comment=1k
Change Component Comment : Designator=R7 Old Comment=100 New Comment=1ohm
Change Component Comment : Designator=C7 Old Comment=103 New Comment=12p
Change Component Comment : Designator=C3 Old Comment=105 New Comment=220uF
Change Component Comment : Designator=C5 Old Comment=220uF New Comment=103
Change Component Designator: OldDesignator=* NewDesignator=*1
Change Component Designator: OldDesignator=C7 NewDesignator=C9
Change Component Designator: OldDesignator=C11 NewDesignator=C10
Change Component Designator: OldDesignator=C12 NewDesignator=C11
Change Component Designator: OldDesignator=JP4 NewDesignator=JP3
Change Component Designator: OldDesignator=JP5 NewDesignator=JP4
Change Component Designator: OldDesignator=JP7 NewDesignator=JP5
Change Component Designator: OldDesignator=JP71 NewDesignator=JP6
Added Component: Designator=C1(CM-1206)
Added Component: Designator=C7(C0805)
Added Component: Designator=LED1(LED-5-Yellow)
Added Component: Designator=LED2(LED-5-Green)
Added Component: Designator=LED3(LED-5-RED)
Added Component: Designator=R6(SM-RES-0805)
Added Component: Designator=R8(SM-RES-0805)
Added Component: Designator=R9(SM-RES-0805)
Added Component: Designator=R10(SM-RES-0805)
Added Component: Designator=R11(SM-RES-0805)
Added Pin To Net: NetName=GND Pin=C1-1
Added Pin To Net: NetName=+5 Pin=C1-2
Added Pin To Net: NetName=3V3 Pin=C2-2
Added Pin To Net: NetName=+5 Pin=C3-1
Added Pin To Net: NetName=GND Pin=C3-2
Added Pin To Net: NetName=3V3 Pin=C4-1
Added Pin To Net: NetName=NetC6_1 Pin=C5-1
Added Pin To Net: NetName=+5 Pin=C5-2
Added Pin To Net: NetName=GND Pin=C3-1
Added Pin To Net: NetName=3V3 Pin=C3-2
Added Pin To Net: NetName=GND Pin=C8-1
Added Pin To Net: NetName=3V3 Pin=C8-2
Added Pin To Net: NetName=+5 Pin=LED1-1
Added Pin To Net: NetName=LED GREEN Pin=LED2-1
Added Pin To Net: NetName=LED RED Pin=LED3-1
Added Pin To Net: NetName=NetQ1_3 Pin=R1-2
Added Pin To Net: NetName=NetQ2_3 Pin=R2-2
Added Pin To Net: NetName=RELAY3 Pin=R3-1
Added Pin To Net: NetName=NetQ3_3 Pin=R3-2
Added Pin To Net: NetName=RELAY4 Pin=R4-1
Added Pin To Net: NetName=NetQ4_3 Pin=R4-2
Added Pin To Net: NetName=RELAY5 Pin=R5-1
Added Pin To Net: NetName=NetQ5_3 Pin=R5-2
Added Pin To Net: NetName=GND Pin=R1-2
Added Pin To Net: NetName=GND Pin=R7-1
Added Pin To Net: NetName=NetC6_1 Pin=R7-2
Added Pin To Net: NetName=GND Pin=R2-2
Added Pin To Net: NetName=RST Pin=R3-1
Added Pin To Net: NetName=3V3 Pin=R3-2
Added Pin To Net: NetName=GND Pin=R4-2
Added Pin To Net: NetName=OUT_3 Pin=R5-1
Added Pin To Net: NetName=GND Pin=R5-2
Change Net Name : Old Net Name=NetC6_1 New Net Name=NetC5_1
Change Net Name : Old Net Name=NetC10_1 New Net Name=NetC9_1
Change Net Name : Old Net Name=NetC11_1 New Net Name=NetC10_1
Change Net Name : Old Net Name=NetJP4_2 New Net Name=NetJP3_2
Change Net Name : Old Net Name=NetJP5_2 New Net Name=NetJP4_2
Change Net Name : Old Net Name=NetJP7_2 New Net Name=NetJP5_2
Change Net Name : Old Net Name=NetJP71_1 New Net Name=NetJP6_1
Change Net Name : Old Net Name=NetJP71_2 New Net Name=NetJP6_2
Added Pin To Net: NetName=NetLED1_2 Pin=LED1-2
Added Pin To Net: NetName=NetLED1_2 Pin=R1-1
Added Net: Name=NetLED1_2
Added Pin To Net: NetName=NetLED2_2 Pin=LED2-2
Added Pin To Net: NetName=NetLED2_2 Pin=R2-1
Added Net: Name=NetLED2_2
Added Pin To Net: NetName=NetLED3_2 Pin=LED3-2
Added Pin To Net: NetName=NetLED3_2 Pin=R4-1
Added Net: Name=NetLED3_2
Added Member To Class: ClassName=so do mach Member=Component C1 105
Added Member To Class: ClassName=so do mach Member=Component C8 Capacitor Ceramic
Added Member To Class: ClassName=so do mach Member=Component LED1 LED
Added Member To Class: ClassName=so do mach Member=Component LED2 LED
Added Member To Class: ClassName=so do mach Member=Component LED3 LED
Added Member To Class: ClassName=so do mach Member=Component R7 1ohm
Added Member To Class: ClassName=so do mach Member=Component R8 100
Added Member To Class: ClassName=so do mach Member=Component R9 47k
Added Member To Class: ClassName=so do mach Member=Component R10 100
Added Member To Class: ClassName=so do mach Member=Component R11 100
