Removed Pin From Net: NetName=out 4 Pin=R3-1
Removed Pin From Net: NetName=GND Pin=R3-2
Removed Pin From Net: NetName=OUT_3 Pin=R112-1
Removed Pin From Net: NetName=GND Pin=R112-2
Removed Pin From Net: NetName=+5 Pin=Sensor2-1
Removed Pin From Net: NetName=+5 Pin=Sensor4-1
Removed Pin From Net: NetName=GND Pin=Sensor4-2
Removed Pin From Net: NetName=out 4 Pin=Sensor4-3
Removed Pin From Net: NetName=+5 Pin=SS3-1
Removed Pin From Net: NetName=GND Pin=SS3-2
Removed Pin From Net: NetName=OUT_3 Pin=SS3-3
Removed Member From Class: ClassName=so do mach Member=R112
Removed Member From Class: ClassName=so do mach Member=Sensor4
Removed Member From Class: ClassName=so do mach Member=SS3
Change Component Footprint: Designator=R3 Old Footprint=SM-RES-0805 New Footprint=RM-0805
Change Component Comment : Designator=R3 Old Comment=100 New Comment=1K
Change Component Designator: OldDesignator=Debug NewDesignator=J1
Change Component Designator: OldDesignator=Reset NewDesignator=SW2
Change Component Designator: OldDesignator=Sensor1 NewDesignator=J2
Change Component Designator: OldDesignator=Sensor2 NewDesignator=J3
Change component parameters (AddParameter): Name = "Value"; Value = "1K"; VariantName = "[No Variations]"
Change component parameters. Clean all parameters for all variants
Change component parameters (AddParameter): Name = "Value"; Value = "1K"; VariantName = "[No Variations]"
Add component (AddParameter): Name = "Value"; Value = "J3"; VariantName = "[No Variations]"
Added Component: Designator=J4(JP3)
Add component. Clean all parameters for all variants
Add component (AddParameter): Name = "Value"; Value = "J3"; VariantName = "[No Variations]"
Add component (AddParameter): Name = "Value"; Value = "1K"; VariantName = "[No Variations]"
Added Component: Designator=R2(RM-0805)
Add component. Clean all parameters for all variants
Add component (AddParameter): Name = "Value"; Value = "1K"; VariantName = "[No Variations]"
Add component (AddParameter): Name = "Value"; Value = "1K"; VariantName = "[No Variations]"
Added Component: Designator=R4(RM-0805)
Add component. Clean all parameters for all variants
Add component (AddParameter): Name = "Value"; Value = "1K"; VariantName = "[No Variations]"
Add component (AddParameter): Name = "Value"; Value = "1K"; VariantName = "[No Variations]"
Added Component: Designator=R5(RM-0805)
Add component. Clean all parameters for all variants
Add component (AddParameter): Name = "Value"; Value = "1K"; VariantName = "[No Variations]"
Add component (AddParameter): Name = "Value"; Value = "1K"; VariantName = "[No Variations]"
Added Component: Designator=R6(RM-0805)
Add component. Clean all parameters for all variants
Add component (AddParameter): Name = "Value"; Value = "1K"; VariantName = "[No Variations]"
Add component (AddParameter): Name = "Value"; Value = "1K"; VariantName = "[No Variations]"
Added Component: Designator=R7(RM-0805)
Add component. Clean all parameters for all variants
Add component (AddParameter): Name = "Value"; Value = "1K"; VariantName = "[No Variations]"
Add component (AddParameter): Name = "Value"; Value = "1K"; VariantName = "[No Variations]"
Added Component: Designator=R8(RM-0805)
Add component. Clean all parameters for all variants
Add component (AddParameter): Name = "Value"; Value = "1K"; VariantName = "[No Variations]"
Add component (AddParameter): Name = "Value"; Value = "1K"; VariantName = "[No Variations]"
Added Component: Designator=R9(RM-0805)
Add component. Clean all parameters for all variants
Add component (AddParameter): Name = "Value"; Value = "1K"; VariantName = "[No Variations]"
Add component (AddParameter): Name = "Value"; Value = "1K"; VariantName = "[No Variations]"
Added Component: Designator=R10(RM-0805)
Add component. Clean all parameters for all variants
Add component (AddParameter): Name = "Value"; Value = "1K"; VariantName = "[No Variations]"
Add component (AddParameter): Name = "Value"; Value = "Connector 4"; VariantName = "[No Variations]"
Added Component: Designator=RF2(CON4)
Add component. Clean all parameters for all variants
Add component (AddParameter): Name = "Value"; Value = "Connector 4"; VariantName = "[No Variations]"
Add component (AddParameter): Name = "Value"; Value = "Tro thanh 10K"; VariantName = "[No Variations]"
Added Component: Designator=RN?(RN8)
Add component. Clean all parameters for all variants
Add component (AddParameter): Name = "Value"; Value = "Tro thanh 10K"; VariantName = "[No Variations]"
Added Component: Designator=U2(SOP127P1040X265-20N)
Add component. Clean all parameters for all variants
Added Pin To Net: NetName=+5 Pin=J4-1
Added Pin To Net: NetName=3V3 Pin=J4-3
Added Pin To Net: NetName=GND Pin=R2-1
Added Pin To Net: NetName=GND Pin=R3-1
Added Pin To Net: NetName=GND Pin=R4-1
Added Pin To Net: NetName=GND Pin=R5-1
Added Pin To Net: NetName=GND Pin=R6-1
Added Pin To Net: NetName=GND Pin=R7-1
Added Pin To Net: NetName=GND Pin=R8-1
Added Pin To Net: NetName=GND Pin=R9-1
Added Pin To Net: NetName=GND Pin=RF2-4
Added Pin To Net: NetName=GND Pin=U2-9
Added Pin To Net: NetName=NetJ3_1 Pin=J3-1
Added Pin To Net: NetName=NetJ3_1 Pin=J4-2
Added Net: Name=NetJ3_1
Added Pin To Net: NetName=NetR2_2 Pin=R2-2
Added Pin To Net: NetName=NetR2_2 Pin=RN?-2
Added Pin To Net: NetName=NetR2_2 Pin=U2-1
Added Net: Name=NetR2_2
Added Pin To Net: NetName=NetR3_2 Pin=R3-2
Added Pin To Net: NetName=NetR3_2 Pin=RN?-3
Added Pin To Net: NetName=NetR3_2 Pin=U2-2
Added Net: Name=NetR3_2
Added Pin To Net: NetName=NetR4_2 Pin=R4-2
Added Pin To Net: NetName=NetR4_2 Pin=RN?-4
Added Pin To Net: NetName=NetR4_2 Pin=U2-3
Added Net: Name=NetR4_2
Added Pin To Net: NetName=NetR5_2 Pin=R5-2
Added Pin To Net: NetName=NetR5_2 Pin=RN?-5
Added Pin To Net: NetName=NetR5_2 Pin=U2-4
Added Net: Name=NetR5_2
Added Pin To Net: NetName=NetR6_2 Pin=R6-2
Added Pin To Net: NetName=NetR6_2 Pin=RN?-6
Added Pin To Net: NetName=NetR6_2 Pin=U2-5
Added Net: Name=NetR6_2
Added Pin To Net: NetName=NetR7_2 Pin=R7-2
Added Pin To Net: NetName=NetR7_2 Pin=RN?-7
Added Pin To Net: NetName=NetR7_2 Pin=U2-6
Added Net: Name=NetR7_2
Added Pin To Net: NetName=NetR8_2 Pin=R8-2
Added Pin To Net: NetName=NetR8_2 Pin=RN?-8
Added Pin To Net: NetName=NetR8_2 Pin=U2-7
Added Net: Name=NetR8_2
Added Pin To Net: NetName=NetR9_2 Pin=R9-2
Added Pin To Net: NetName=NetR9_2 Pin=RN?-9
Added Pin To Net: NetName=NetR9_2 Pin=U2-8
Added Net: Name=NetR9_2
Added Pin To Net: NetName=NetR10_1 Pin=R10-1
Added Pin To Net: NetName=NetR10_1 Pin=U2-17
Added Net: Name=NetR10_1
Added Pin To Net: NetName=NetR10_2 Pin=R10-2
Added Pin To Net: NetName=NetR10_2 Pin=U2-18
Added Net: Name=NetR10_2
Added Pin To Net: NetName=NetRF2_2 Pin=RF2-2
Added Pin To Net: NetName=NetRF2_2 Pin=RF2-3
Added Pin To Net: NetName=NetRF2_2 Pin=U2-16
Added Net: Name=NetRF2_2
Added Pin To Net: NetName=NetU2_12 Pin=U2-12
Added Net: Name=NetU2_12
Added Pin To Net: NetName=NetU2_13 Pin=U2-13
Added Net: Name=NetU2_13
Added Pin To Net: NetName=NetU2_14 Pin=U2-14
Added Net: Name=NetU2_14
Added Pin To Net: NetName=NetU2_15 Pin=U2-15
Added Net: Name=NetU2_15
Added Pin To Net: NetName=VCC Pin=RF2-1
Added Pin To Net: NetName=VCC Pin=RN?-1
Added Pin To Net: NetName=VCC Pin=U2-20
Added Net: Name=VCC
Added Member To Class: ClassName=so do mach Member=Component J4 jum
Added Member To Class: ClassName=so do mach Member=Component R2 1K
Added Member To Class: ClassName=so do mach Member=Component R4 1K
Added Member To Class: ClassName=so do mach Member=Component R5 1K
Added Member To Class: ClassName=so do mach Member=Component R6 1K
Added Member To Class: ClassName=so do mach Member=Component R7 1K
Added Member To Class: ClassName=so do mach Member=Component R8 1K
Added Member To Class: ClassName=so do mach Member=Component R9 1K
Added Member To Class: ClassName=so do mach Member=Component R10 1M
Added Member To Class: ClassName=so do mach Member=Component RF2 CC1101
Added Member To Class: ClassName=so do mach Member=Component RN? 10K
Added Member To Class: ClassName=so do mach Member=Component U2 PT2272
Added Room: Name=so do mach
