Add component (AddParameter): Name = "Value"; Value = "103"; VariantName = "[No Variations]"
Added Component: Designator=C3(CM-1206)
Add component. Clean all parameters for all variants
Add component (AddParameter): Name = "Value"; Value = "103"; VariantName = "[No Variations]"
Add component (AddParameter): Name = "Value"; Value = "103"; VariantName = "[No Variations]"
Added Component: Designator=C4(CM-1206)
Add component. Clean all parameters for all variants
Add component (AddParameter): Name = "Value"; Value = "103"; VariantName = "[No Variations]"
Add component (AddParameter): Name = "Value"; Value = "103"; VariantName = "[No Variations]"
Added Component: Designator=C9(CM-0805)
Add component. Clean all parameters for all variants
Add component (AddParameter): Name = "Value"; Value = "103"; VariantName = "[No Variations]"
Add component (AddParameter): Name = "Value"; Value = "103"; VariantName = "[No Variations]"
Added Component: Designator=C10(CM-0805)
Add component. Clean all parameters for all variants
Add component (AddParameter): Name = "Value"; Value = "103"; VariantName = "[No Variations]"
Add component (AddParameter): Name = "LatestRevisionDate"; Value = "17-Jul-2002"; VariantName = "[No Variations]"
Add component (AddParameter): Name = "LatestRevisionNote"; Value = "Re-released for DXP Platform."; VariantName = "[No Variations]"
Add component (AddParameter): Name = "PackageReference"; Value = "RAD-0.3"; VariantName = "[No Variations]"
Add component (AddParameter): Name = "Published"; Value = "8-Jun-2000"; VariantName = "[No Variations]"
Add component (AddParameter): Name = "Publisher"; Value = "Altium Limited"; VariantName = "[No Variations]"
Add component (AddParameter): Name = "Value"; Value = "33p"; VariantName = "[No Variations]"
Added Component: Designator=C81(C0805)
Add component. Clean all parameters for all variants
Add component (AddParameter): Name = "LatestRevisionDate"; Value = "17-Jul-2002"; VariantName = "[No Variations]"
Add component (AddParameter): Name = "LatestRevisionNote"; Value = "Re-released for DXP Platform."; VariantName = "[No Variations]"
Add component (AddParameter): Name = "PackageReference"; Value = "RAD-0.3"; VariantName = "[No Variations]"
Add component (AddParameter): Name = "Published"; Value = "8-Jun-2000"; VariantName = "[No Variations]"
Add component (AddParameter): Name = "Publisher"; Value = "Altium Limited"; VariantName = "[No Variations]"
Add component (AddParameter): Name = "Value"; Value = "33p"; VariantName = "[No Variations]"
Add component (AddParameter): Name = "LatestRevisionDate"; Value = "17-Jul-2002"; VariantName = "[No Variations]"
Add component (AddParameter): Name = "LatestRevisionNote"; Value = "Re-released for DXP Platform."; VariantName = "[No Variations]"
Add component (AddParameter): Name = "PackageReference"; Value = "RAD-0.3"; VariantName = "[No Variations]"
Add component (AddParameter): Name = "Published"; Value = "8-Jun-2000"; VariantName = "[No Variations]"
Add component (AddParameter): Name = "Publisher"; Value = "Altium Limited"; VariantName = "[No Variations]"
Add component (AddParameter): Name = "Value"; Value = "33p"; VariantName = "[No Variations]"
Added Component: Designator=C112(C0805)
Add component. Clean all parameters for all variants
Add component (AddParameter): Name = "LatestRevisionDate"; Value = "17-Jul-2002"; VariantName = "[No Variations]"
Add component (AddParameter): Name = "LatestRevisionNote"; Value = "Re-released for DXP Platform."; VariantName = "[No Variations]"
Add component (AddParameter): Name = "PackageReference"; Value = "RAD-0.3"; VariantName = "[No Variations]"
Add component (AddParameter): Name = "Published"; Value = "8-Jun-2000"; VariantName = "[No Variations]"
Add component (AddParameter): Name = "Publisher"; Value = "Altium Limited"; VariantName = "[No Variations]"
Add component (AddParameter): Name = "Value"; Value = "33p"; VariantName = "[No Variations]"
Add component (AddParameter): Name = "Value"; Value = "J3"; VariantName = "[No Variations]"
Added Component: Designator=J1(JP3)
Add component. Clean all parameters for all variants
Add component (AddParameter): Name = "Value"; Value = "J3"; VariantName = "[No Variations]"
Add component (AddParameter): Name = "Value"; Value = "J3"; VariantName = "[No Variations]"
Added Component: Designator=J3(JP3)
Add component. Clean all parameters for all variants
Add component (AddParameter): Name = "Value"; Value = "J3"; VariantName = "[No Variations]"
Add component (AddParameter): Name = "Value"; Value = "R1/4W - 1K"; VariantName = "[No Variations]"
Added Component: Designator=L1(SM-RES-0805)
Add component. Clean all parameters for all variants
Add component (AddParameter): Name = "Value"; Value = "R1/4W - 1K"; VariantName = "[No Variations]"
Add component (AddParameter): Name = "Value"; Value = "R1/4W - 1K"; VariantName = "[No Variations]"
Added Component: Designator=R91(SM-RES-0805)
Add component. Clean all parameters for all variants
Add component (AddParameter): Name = "Value"; Value = "R1/4W - 1K"; VariantName = "[No Variations]"
Added Component: Designator=RF2(CC1101 - duplicate1)
Add component. Clean all parameters for all variants
Added Component: Designator=X1(32768hz)
Add component. Clean all parameters for all variants
Added Pin To Net: NetName=GND Pin=C3-1
Added Pin To Net: NetName=+5 Pin=C3-2
Added Pin To Net: NetName=GND Pin=C4-1
Added Pin To Net: NetName=+5 Pin=C4-2
Added Pin To Net: NetName=NetC9_1 Pin=C9-1
Added Pin To Net: NetName=GND Pin=C9-2
Added Pin To Net: NetName=NetC10_1 Pin=C10-1
Added Pin To Net: NetName=GND Pin=C10-2
Added Pin To Net: NetName=GND Pin=C81-1
Added Pin To Net: NetName=NetC81_2 Pin=C81-2
Added Pin To Net: NetName=GND Pin=C112-1
Added Pin To Net: NetName=RST Pin=C112-2
Added Pin To Net: NetName=GND Pin=J1-1
Added Pin To Net: NetName=TEST Pin=J1-2
Added Pin To Net: NetName=RST Pin=J1-3
Added Pin To Net: NetName=NetJ3_1 Pin=J3-1
Added Pin To Net: NetName=GND Pin=J3-2
Added Pin To Net: NetName=OUT_2 Pin=J3-3
Added Pin To Net: NetName=3V3 Pin=L1-1
Added Pin To Net: NetName=NetC81_2 Pin=L1-2
Added Pin To Net: NetName=RST Pin=R91-1
Added Pin To Net: NetName=3V3 Pin=R91-2
Added Pin To Net: NetName=GND Pin=RF2-1
Added Pin To Net: NetName=NetC7_2 Pin=RF2-2
Added Pin To Net: NetName=GD00 Pin=RF2-3
Added Pin To Net: NetName=CSN Pin=RF2-4
Added Pin To Net: NetName=SCK Pin=RF2-5
Added Pin To Net: NetName=MOSI Pin=RF2-6
Added Pin To Net: NetName=MISO Pin=RF2-7
Added Pin To Net: NetName=GD02 Pin=RF2-8
Added Pin To Net: NetName=NetC9_1 Pin=X1-1
Added Pin To Net: NetName=NetC10_1 Pin=X1-2
Added Member To Class: ClassName=so do mach Member=Component C3 105
Added Member To Class: ClassName=so do mach Member=Component C4 105
Added Member To Class: ClassName=so do mach Member=Component C9 12p
Added Member To Class: ClassName=so do mach Member=Component C10 12p
Added Member To Class: ClassName=so do mach Member=Component C81 Capacitor Ceramic
Added Member To Class: ClassName=so do mach Member=Component C112 Capacitor Ceramic
Added Member To Class: ClassName=so do mach Member=Component J1 Debug
Added Member To Class: ClassName=so do mach Member=Component J3 Sensor2
Added Member To Class: ClassName=so do mach Member=Component L1 10uH
Added Member To Class: ClassName=so do mach Member=Component R91 47k
Added Member To Class: ClassName=so do mach Member=Component RF2 CC1101
Added Member To Class: ClassName=so do mach Member=Component X1 32768Hz
