Removed Pin From Net: NetName=GND Pin=C3-1
Removed Pin From Net: NetName=3V3 Pin=C3-2
Removed Pin From Net: NetName=GND Pin=C4-1
Removed Pin From Net: NetName=3V3 Pin=C4-2
Removed Pin From Net: NetName=GND Pin=C6-1
Removed Pin From Net: NetName=3V3 Pin=C6-2
Removed Pin From Net: NetName=GND Pin=D1-1
Removed Pin From Net: NetName=3V3 Pin=D1-2
Removed Pin From Net: NetName=3V3 Pin=JP1-1
Removed Pin From Net: NetName=GND Pin=JP1-2
Removed Pin From Net: NetName=LED GREEN Pin=LED1-1
Removed Pin From Net: NetName=3V3 Pin=Q2-3
Removed Pin From Net: NetName=NetLED1_2 Pin=R3-1
Removed Pin From Net: NetName=3V3 Pin=R6-2
Removed Pin From Net: NetName=3V3 Pin=R8-1
Removed Pin From Net: NetName=3V3 Pin=RF1-5
Removed Pin From Net: NetName=GND Pin=U2-1
Removed Pin From Net: NetName=NetL2_1 Pin=U2-4
Removed Pin From Net: NetName=TEST Pin=U22-25
Removed Pin From Net: NetName=GND Pin=USB1-5
Removed Member From Class: ClassName=so do mach Member=D1
Removed Member From Class: ClassName=so do mach Member=Q2
Removed Member From Class: ClassName=so do mach Member=R8
Removed Member From Class: ClassName=so do mach Member=R77
Removed Member From Class: ClassName=so do mach Member=U2
Removed Member From Class: ClassName=so do mach Member=USB1
Change Component DesignItemId : Designator=C3 Old DesignItemId=CapSMD New DesignItemId=Component_1
Change Component DesignItemId : Designator=C4 Old DesignItemId=CapSMD New DesignItemId=Component_1
Change Component DesignItemId : Designator=IC1 Old DesignItemId=Component_1 New DesignItemId=LM1117
Change Component Footprint: Designator=C3 Old Footprint=C0805 New Footprint=CAPAE110103X100M
Change Component Footprint: Designator=C4 Old Footprint=C0805 New Footprint=CAPAE110103X100M
Change Component Footprint: Designator=IC1 Old Footprint=SOT89-150P409X160-3N New Footprint=SOT223-4N
Change Component Comment : Designator=R6 Old Comment=10k New Comment=100
Change Component Comment : Designator=C3 Old Comment=Capacitor Ceramic New Comment=1000uF
Change Component Comment : Designator=C4 Old Comment=Capacitor Ceramic New Comment=1000uF
Change Component Comment : Designator=IC1 Old Comment=CJA1117-3v3 New Comment=LM1117
Change Component Designator: OldDesignator=C5 NewDesignator=C9
Change Component Designator: OldDesignator=J2 NewDesignator=J1
Change Component Designator: OldDesignator=LED2 NewDesignator=LED3
Change Component Designator: OldDesignator=R2 NewDesignator=R3
Change Component Designator: OldDesignator=R3 NewDesignator=R2
Change Component Designator: OldDesignator=R5 NewDesignator=R4
Change Component Designator: OldDesignator=S3 NewDesignator=S1
Change Component Designator: OldDesignator=U22 NewDesignator=U1
Added Component: Designator=C5(C0805)
Added Component: Designator=C6(C0805)
Added Component: Designator=C7(CM-0805)
Added Component: Designator=C8(CM-0805)
Added Component: Designator=J2(JP3)
Added Component: Designator=J3(JP3)
Added Component: Designator=J4(JP3)
Added Component: Designator=JP2(CON8)
Added Component: Designator=LED2(LED0805)
Added Component: Designator=R1(SM-RES-0805)
Added Component: Designator=R5(SM-RES-0805)
Added Component: Designator=R7(SM-RES-0805)
Added Component: Designator=TP1(TP)
Added Component: Designator=TP2(TP)
Added Component: Designator=TP3(TP)
Added Component: Designator=TP4(TP)
Added Component: Designator=X1(XT32k)
Added Pin To Net: NetName=GND Pin=C3-2
Added Pin To Net: NetName=3V3 Pin=C4-1
Added Pin To Net: NetName=GND Pin=C4-2
Added Pin To Net: NetName=GND Pin=C3-1
Added Pin To Net: NetName=3V3 Pin=C3-2
Added Pin To Net: NetName=GND Pin=C4-1
Added Pin To Net: NetName=3V3 Pin=C4-2
Added Pin To Net: NetName=GND Pin=C7-2
Added Pin To Net: NetName=GND Pin=C8-2
Added Pin To Net: NetName=GND Pin=J2-2
Added Pin To Net: NetName=GND Pin=J3-2
Added Pin To Net: NetName=GND Pin=J4-2
Added Pin To Net: NetName=GND Pin=JP2-7
Added Pin To Net: NetName=3V3 Pin=JP2-8
Added Pin To Net: NetName=3V3 Pin=L2-2
Added Pin To Net: NetName=LED GREEN Pin=LED1-1
Added Pin To Net: NetName=NetLED1_2 Pin=R1-1
Added Pin To Net: NetName=GND Pin=R1-2
Added Pin To Net: NetName=GND Pin=R5-2
Added Pin To Net: NetName=GND Pin=R6-2
Added Pin To Net: NetName=GND Pin=R7-2
Added Pin To Net: NetName=NetL2_1 Pin=RF1-5
Added Pin To Net: NetName=GND Pin=TP4-TP1
Change Net Name : Old Net Name=NetLED2_2 New Net Name=NetLED3_2
Added Pin To Net: NetName=+5 Pin=C1-2
Added Pin To Net: NetName=+5 Pin=C3-1
Added Pin To Net: NetName=+5 Pin=IC1-3
Added Pin To Net: NetName=+5 Pin=J2-1
Added Pin To Net: NetName=+5 Pin=J3-1
Added Pin To Net: NetName=+5 Pin=J4-1
Added Pin To Net: NetName=+5 Pin=LED1-1
Added Pin To Net: NetName=+5 Pin=TP2-TP1
Added Net: Name=+5
Added Pin To Net: NetName=NetC7_1 Pin=C7-1
Added Pin To Net: NetName=NetC7_1 Pin=U1-27
Added Pin To Net: NetName=NetC7_1 Pin=X1-2
Added Net: Name=NetC7_1
Added Pin To Net: NetName=NetC8_1 Pin=C8-1
Added Pin To Net: NetName=NetC8_1 Pin=U1-26
Added Pin To Net: NetName=NetC8_1 Pin=X1-1
Added Net: Name=NetC8_1
Added Pin To Net: NetName=NetJP1_1 Pin=JP1-1
Added Pin To Net: NetName=NetJP1_1 Pin=TP3-TP1
Added Net: Name=NetJP1_1
Added Pin To Net: NetName=NetJP1_2 Pin=JP1-2
Added Pin To Net: NetName=NetJP1_2 Pin=TP1-TP1
Added Net: Name=NetJP1_2
Added Pin To Net: NetName=NetLED2_2 Pin=LED1-2
Added Pin To Net: NetName=NetLED2_2 Pin=R2-1
Added Net: Name=NetLED2_2
Added Pin To Net: NetName=OUT_1 Pin=J2-3
Added Pin To Net: NetName=OUT_1 Pin=R7-1
Added Pin To Net: NetName=OUT_1 Pin=U1-3
Added Net: Name=OUT_1
Added Pin To Net: NetName=OUT_2 Pin=J3-3
Added Pin To Net: NetName=OUT_2 Pin=R6-1
Added Pin To Net: NetName=OUT_2 Pin=U1-4
Added Net: Name=OUT_2
Added Pin To Net: NetName=OUT_3 Pin=J4-3
Added Pin To Net: NetName=OUT_3 Pin=R5-1
Added Pin To Net: NetName=OUT_3 Pin=U1-5
Added Net: Name=OUT_3
Added Pin To Net: NetName=RELAY1 Pin=JP2-1
Added Pin To Net: NetName=RELAY1 Pin=U1-9
Added Net: Name=RELAY1
Added Pin To Net: NetName=RELAY2 Pin=JP2-2
Added Pin To Net: NetName=RELAY2 Pin=U1-8
Added Net: Name=RELAY2
Added Pin To Net: NetName=RELAY3 Pin=JP2-3
Added Pin To Net: NetName=RELAY3 Pin=U1-13
Added Net: Name=RELAY3
Added Pin To Net: NetName=RELAY4 Pin=JP2-4
Added Pin To Net: NetName=RELAY4 Pin=U1-14
Added Net: Name=RELAY4
Added Pin To Net: NetName=RELAY5 Pin=JP2-5
Added Pin To Net: NetName=RELAY5 Pin=U1-15
Added Net: Name=RELAY5
Added Member To Class: ClassName=so do mach Member=Component C7 12p
Added Member To Class: ClassName=so do mach Member=Component C8 12p
Added Member To Class: ClassName=so do mach Member=Component C9 Capacitor Ceramic
Added Member To Class: ClassName=so do mach Member=Component J2 Sensor1
Added Member To Class: ClassName=so do mach Member=Component J3 Sensor2
Added Member To Class: ClassName=so do mach Member=Component J4 Sensor3
Added Member To Class: ClassName=so do mach Member=Component JP2 JP8
Added Member To Class: ClassName=so do mach Member=Component LED3
Added Member To Class: ClassName=so do mach Member=Component R1 100
Added Member To Class: ClassName=so do mach Member=Component R5 100
Added Member To Class: ClassName=so do mach Member=Component R7 100
Added Member To Class: ClassName=so do mach Member=Component TP1 1
Added Member To Class: ClassName=so do mach Member=Component TP2 1
Added Member To Class: ClassName=so do mach Member=Component TP3 1
Added Member To Class: ClassName=so do mach Member=Component TP4 1
Added Member To Class: ClassName=so do mach Member=Component X1 32,768 Khz
Added Room: Name=so do mach
