Removed Pin From Net: NetName=NetC15_1 Pin=C15-1
Removed Pin From Net: NetName=NetC15_1 Pin=J1-2
Removed Pin From Net: NetName=GND Pin=R15-1
Removed Pin From Net: NetName=NetJ3_3 Pin=R15-2
Removed Pin From Net: NetName=NetJ2_3 Pin=R16-2
Removed Pin From Net: NetName=NetC15_1 Pin=u2-25
Removed Pin From Net: NetName=NetC15_1 Pin=u2-26
Removed Pin From Net: NetName=NetC15_1 Pin=X1-1
Change Component Designator: OldDesignator=R17 NewDesignator=R15
Added Pin To Net: NetName=NetJ3_3 Pin=R16-2
Change Net Name : Old Net Name=NetC15_1 New Net Name=NetC16_2
Change Net Name : Old Net Name=NetR17_1 New Net Name=NetR15_1
Change Net Name : Old Net Name=NetR17_2 New Net Name=NetR15_2
Added Pin To Net: NetName=NetC15_1 Pin=C15-1
Added Pin To Net: NetName=NetC15_1 Pin=u2-26
Added Pin To Net: NetName=NetC15_1 Pin=X1-1
Added Net: Name=NetC15_1
Added Pin To Net: NetName=NetJ1_2 Pin=J1-2
Added Pin To Net: NetName=NetJ1_2 Pin=u2-25
Added Net: Name=NetJ1_2
