Change Component Comment : Designator=X1 Old Comment=* New Comment=32768Hz
Change Component Comment : Designator=F1 Old Comment=* New Comment=A2
Change Component Comment : Designator=u2 Old Comment=* New Comment=MSP430G2553
Change Component Comment : Designator=C12 Old Comment=103 New Comment=12P
Change Component Comment : Designator=C15 Old Comment=103 New Comment=12P
Change Component Comment : Designator=C7 Old Comment=103 New Comment=104
Change Component Comment : Designator=C8 Old Comment=103 New Comment=104
Change Component Comment : Designator=C10 Old Comment=103 New Comment=104
Change Component Comment : Designator=C14 Old Comment=103 New Comment=104
Change Component Comment : Designator=C11 Old Comment=103 New Comment=105
Change Component Comment : Designator=C13 Old Comment=103 New Comment=105
Change Component Comment : Designator=C17 Old Comment=103 New Comment=105
Change Component Comment : Designator=C19 Old Comment=103 New Comment=105
Change Component Designator: OldDesignator=2  1 NewDesignator=HD2
Change Component Designator: OldDesignator=5  4  3 NewDesignator=HD3
Change Component Designator: OldDesignator=AC IN NewDesignator=HD1
Change Component Designator: OldDesignator=C12 NewDesignator=C14
Change Component Designator: OldDesignator=C13 NewDesignator=C12
Change Component Designator: OldDesignator=C14 NewDesignator=C13
Change Component Designator: OldDesignator=J2 NewDesignator=J3
Change Component Designator: OldDesignator=J3 NewDesignator=J4
Change Component Designator: OldDesignator=J4 NewDesignator=J5
Change Component Designator: OldDesignator=JP3 NewDesignator=JP2
Change Component Designator: OldDesignator=JP4 NewDesignator=JP1
Added Pin To Net: NetName=NetC16_2 Pin=C15-1
Added Pin To Net: NetName=NetC16_2 Pin=J1-2
Added Pin To Net: NetName=NetC16_2 Pin=u2-25
Added Pin To Net: NetName=NetC16_2 Pin=u2-26
Added Pin To Net: NetName=NetC16_2 Pin=X1-1
Change Net Name : Old Net Name=NetC12_1 New Net Name=NetC14_1
Change Net Name : Old Net Name=NetC13_2 New Net Name=NetC12_2
Change Net Name : Old Net Name=NetC16_2 New Net Name=NetC15_1
Change Net Name : Old Net Name=NetHD3_1 New Net Name=NetHD1_1
Change Net Name : Old Net Name=NetJ2_3 New Net Name=NetJ3_3
Change Net Name : Old Net Name=NetJ3_1 New Net Name=NetJ4_1
Change Net Name : Old Net Name=NetJ3_3 New Net Name=NetJ4_3
Change Net Name : Old Net Name=NetJP3_1 New Net Name=NetJP2_1
Change Net Name : Old Net Name=NetJP3_2 New Net Name=NetJP2_2
Change Net Name : Old Net Name=NetJP3_3 New Net Name=NetJP2_3
Change Net Name : Old Net Name=NetJP3_4 New Net Name=NetJP2_4
Change Net Name : Old Net Name=NetJP4_2 New Net Name=NetJP1_2
Added Pin To Net: NetName=NetJ2_3 Pin=u2-12
Added Net: Name=NetJ2_3
Added Member To Class: ClassName=so do mach Member=Component J5 Jumper
Added Room: Name=so do mach
