Replace Part BA1 Component_1 in C:\Users\Administrator\Dropbox\Smart Switch +RF315Mhz\PCB_Project\so do mach.SchDoc with Component_1 from BIEN AP 5V-700ma.SchLib
Replace Part C1 CM in C:\Users\Administrator\Dropbox\Smart Switch +RF315Mhz\PCB_Project\so do mach.SchDoc with CM from PART.IntLib
Replace Part C2 CM in C:\Users\Administrator\Dropbox\Smart Switch +RF315Mhz\PCB_Project\so do mach.SchDoc with CM from PART.IntLib
Replace Part C3 CM in C:\Users\Administrator\Dropbox\Smart Switch +RF315Mhz\PCB_Project\so do mach.SchDoc with CM from PART.IntLib
Replace Part C4 CM in C:\Users\Administrator\Dropbox\Smart Switch +RF315Mhz\PCB_Project\so do mach.SchDoc with CM from PART.IntLib
Replace Part C5 CM in C:\Users\Administrator\Dropbox\Smart Switch +RF315Mhz\PCB_Project\so do mach.SchDoc with CM from PART.IntLib
Replace Part C6 Component_1 in C:\Users\Administrator\Dropbox\Smart Switch +RF315Mhz\PCB_Project\so do mach.SchDoc with Component_1 from 1000uF_10V SMD.SchLib
Replace Part C7 CM in C:\Users\Administrator\Dropbox\Smart Switch +RF315Mhz\PCB_Project\so do mach.SchDoc with CM from PART.IntLib
Replace Part C8 CM in C:\Users\Administrator\Dropbox\Smart Switch +RF315Mhz\PCB_Project\so do mach.SchDoc with CM from PART.IntLib
Replace Part C9 CM in C:\Users\Administrator\Dropbox\Smart Switch +RF315Mhz\PCB_Project\so do mach.SchDoc with CM from PART.IntLib
Replace Part C10 CM in C:\Users\Administrator\Dropbox\Smart Switch +RF315Mhz\PCB_Project\so do mach.SchDoc with CM from PART.IntLib
Replace Part C11 CM in C:\Users\Administrator\Dropbox\Smart Switch +RF315Mhz\PCB_Project\so do mach.SchDoc with CM from PART.IntLib
Replace Part C12 CM in C:\Users\Administrator\Dropbox\Smart Switch +RF315Mhz\PCB_Project\so do mach.SchDoc with CM from PART.IntLib
Replace Part C13 CM in C:\Users\Administrator\Dropbox\Smart Switch +RF315Mhz\PCB_Project\so do mach.SchDoc with CM from PART.IntLib
Replace Part C14 CM in C:\Users\Administrator\Dropbox\Smart Switch +RF315Mhz\PCB_Project\so do mach.SchDoc with CM from PART.IntLib
Replace Part C15 CM in C:\Users\Administrator\Dropbox\Smart Switch +RF315Mhz\PCB_Project\so do mach.SchDoc with CM from PART.IntLib
Replace Part C16 CapSMD in C:\Users\Administrator\Dropbox\Smart Switch +RF315Mhz\PCB_Project\so do mach.SchDoc with CapSMD from NBBLib 14-03-2012.IntLib
Replace Part C17 CM in C:\Users\Administrator\Dropbox\Smart Switch +RF315Mhz\PCB_Project\so do mach.SchDoc with CM from PART.IntLib
Replace Part C18 CM in C:\Users\Administrator\Dropbox\Smart Switch +RF315Mhz\PCB_Project\so do mach.SchDoc with CM from PART.IntLib
Replace Part C19 CM in C:\Users\Administrator\Dropbox\Smart Switch +RF315Mhz\PCB_Project\so do mach.SchDoc with CM from PART.IntLib
Replace Part C20 CM in C:\Users\Administrator\Dropbox\Smart Switch +RF315Mhz\PCB_Project\so do mach.SchDoc with CM from PART.IntLib
Replace Part D1 Component_1 in C:\Users\Administrator\Dropbox\Smart Switch +RF315Mhz\PCB_Project\so do mach.SchDoc with Component_1 from 1n4148 smd.SchLib
Replace Part F1 Component_1 in C:\Users\Administrator\Dropbox\Smart Switch +RF315Mhz\PCB_Project\so do mach.SchDoc with Component_1 from Fuse 2A.SchLib
Replace Part F2 Component_1 in C:\Users\Administrator\Dropbox\Smart Switch +RF315Mhz\PCB_Project\so do mach.SchDoc with Component_1 from Fuse 2A.SchLib
Replace Part F3 Component_1 in C:\Users\Administrator\Dropbox\Smart Switch +RF315Mhz\PCB_Project\so do mach.SchDoc with Component_1 from Fuse 2A.SchLib
Replace Part F4 Component_1 in C:\Users\Administrator\Dropbox\Smart Switch +RF315Mhz\PCB_Project\so do mach.SchDoc with Component_1 from Fuse 2A.SchLib
Replace Part F5 Component_1 in C:\Users\Administrator\Dropbox\Smart Switch +RF315Mhz\PCB_Project\so do mach.SchDoc with Component_1 from Fuse 2A.SchLib
Replace Part F6 Component_1 in C:\Users\Administrator\Dropbox\Smart Switch +RF315Mhz\PCB_Project\so do mach.SchDoc with Component_1 from Fuse 2A.SchLib
Replace Part HD1 Hed3 in C:\Users\Administrator\Dropbox\Smart Switch +RF315Mhz\PCB_Project\so do mach.SchDoc with Hed3 from syhaunguyen.IntLib
Replace Part IC1 LM1117 in C:\Users\Administrator\Dropbox\Smart Switch +RF315Mhz\PCB_Project\so do mach.SchDoc with LM1117 from syhaunguyen.IntLib
Replace Part J1 con3 in C:\Users\Administrator\Dropbox\Smart Switch +RF315Mhz\PCB_Project\so do mach.SchDoc with con3 from con3.SchLib
Replace Part J2 con3 in C:\Users\Administrator\Dropbox\Smart Switch +RF315Mhz\PCB_Project\so do mach.SchDoc with con3 from con3.SchLib
Replace Part J3 con3 in C:\Users\Administrator\Dropbox\Smart Switch +RF315Mhz\PCB_Project\so do mach.SchDoc with con3 from con3.SchLib
Replace Part J4 con3 in C:\Users\Administrator\Dropbox\Smart Switch +RF315Mhz\PCB_Project\so do mach.SchDoc with con3 from con3.SchLib
Replace Part JP1 Header 2_1 in C:\Users\Administrator\Dropbox\Smart Switch +RF315Mhz\PCB_Project\so do mach.SchDoc with Header 2_1 from syhaunguyen.IntLib
Replace Part JP2 Header 2_1 in C:\Users\Administrator\Dropbox\Smart Switch +RF315Mhz\PCB_Project\so do mach.SchDoc with Header 2_1 from syhaunguyen.IntLib
Replace Part JP5 Con6 in C:\Users\Administrator\Dropbox\Smart Switch +RF315Mhz\PCB_Project\so do mach.SchDoc with Con6 from syhaunguyen.IntLib
Replace Part L1 R1/4W in C:\Users\Administrator\Dropbox\Smart Switch +RF315Mhz\PCB_Project\so do mach.SchDoc with R1/4W from syhaunguyen.IntLib
Replace Part L2 R1/4W in C:\Users\Administrator\Dropbox\Smart Switch +RF315Mhz\PCB_Project\so do mach.SchDoc with R1/4W from syhaunguyen.IntLib
Replace Part L3 R1/4W in C:\Users\Administrator\Dropbox\Smart Switch +RF315Mhz\PCB_Project\so do mach.SchDoc with R1/4W from syhaunguyen.IntLib
Replace Part LED1 LED in C:\Users\Administrator\Dropbox\Smart Switch +RF315Mhz\PCB_Project\so do mach.SchDoc with LED from syhaunguyen.IntLib
Replace Part LED2 LED in C:\Users\Administrator\Dropbox\Smart Switch +RF315Mhz\PCB_Project\so do mach.SchDoc with LED from syhaunguyen.IntLib
Replace Part LED3 LED in C:\Users\Administrator\Dropbox\Smart Switch +RF315Mhz\PCB_Project\so do mach.SchDoc with LED from syhaunguyen.IntLib
Replace Part Q1 C1815 in C:\Users\Administrator\Dropbox\Smart Switch +RF315Mhz\PCB_Project\so do mach.SchDoc with C1815 from syhaunguyen.IntLib
Replace Part Q2 C1815 in C:\Users\Administrator\Dropbox\Smart Switch +RF315Mhz\PCB_Project\so do mach.SchDoc with C1815 from syhaunguyen.IntLib
Replace Part Q3 C1815 in C:\Users\Administrator\Dropbox\Smart Switch +RF315Mhz\PCB_Project\so do mach.SchDoc with C1815 from syhaunguyen.IntLib
Replace Part Q4 C1815 in C:\Users\Administrator\Dropbox\Smart Switch +RF315Mhz\PCB_Project\so do mach.SchDoc with C1815 from syhaunguyen.IntLib
Replace Part Q5 C1815 in C:\Users\Administrator\Dropbox\Smart Switch +RF315Mhz\PCB_Project\so do mach.SchDoc with C1815 from syhaunguyen.IntLib
Replace Part R1 R1/4W in C:\Users\Administrator\Dropbox\Smart Switch +RF315Mhz\PCB_Project\so do mach.SchDoc with R1/4W from syhaunguyen.IntLib
Replace Part R2 R1/4W in C:\Users\Administrator\Dropbox\Smart Switch +RF315Mhz\PCB_Project\so do mach.SchDoc with R1/4W from syhaunguyen.IntLib
Replace Part R3 R1/4W in C:\Users\Administrator\Dropbox\Smart Switch +RF315Mhz\PCB_Project\so do mach.SchDoc with R1/4W from syhaunguyen.IntLib
Replace Part R4 R1/4W in C:\Users\Administrator\Dropbox\Smart Switch +RF315Mhz\PCB_Project\so do mach.SchDoc with R1/4W from syhaunguyen.IntLib
Replace Part R5 R1/4W in C:\Users\Administrator\Dropbox\Smart Switch +RF315Mhz\PCB_Project\so do mach.SchDoc with R1/4W from syhaunguyen.IntLib
Replace Part R6 R1/4W in C:\Users\Administrator\Dropbox\Smart Switch +RF315Mhz\PCB_Project\so do mach.SchDoc with R1/4W from syhaunguyen.IntLib
Replace Part R7 R1/4W in C:\Users\Administrator\Dropbox\Smart Switch +RF315Mhz\PCB_Project\so do mach.SchDoc with R1/4W from syhaunguyen.IntLib
Replace Part R8 R1/4W in C:\Users\Administrator\Dropbox\Smart Switch +RF315Mhz\PCB_Project\so do mach.SchDoc with R1/4W from syhaunguyen.IntLib
Replace Part R9 R1/4W in C:\Users\Administrator\Dropbox\Smart Switch +RF315Mhz\PCB_Project\so do mach.SchDoc with R1/4W from syhaunguyen.IntLib
Replace Part R10 R1/4W in C:\Users\Administrator\Dropbox\Smart Switch +RF315Mhz\PCB_Project\so do mach.SchDoc with R1/4W from syhaunguyen.IntLib
Replace Part R11 R1/4W in C:\Users\Administrator\Dropbox\Smart Switch +RF315Mhz\PCB_Project\so do mach.SchDoc with R1/4W from syhaunguyen.IntLib
Replace Part R12 R1/4W in C:\Users\Administrator\Dropbox\Smart Switch +RF315Mhz\PCB_Project\so do mach.SchDoc with R1/4W from syhaunguyen.IntLib
Replace Part R13 R1/4W in C:\Users\Administrator\Dropbox\Smart Switch +RF315Mhz\PCB_Project\so do mach.SchDoc with R1/4W from syhaunguyen.IntLib
Replace Part R14 R1/4W in C:\Users\Administrator\Dropbox\Smart Switch +RF315Mhz\PCB_Project\so do mach.SchDoc with R1/4W from syhaunguyen.IntLib
Replace Part R15 R1/4W in C:\Users\Administrator\Dropbox\Smart Switch +RF315Mhz\PCB_Project\so do mach.SchDoc with R1/4W from syhaunguyen.IntLib
Replace Part R16 R1/4W in C:\Users\Administrator\Dropbox\Smart Switch +RF315Mhz\PCB_Project\so do mach.SchDoc with R1/4W from syhaunguyen.IntLib
Replace Part R17 R1/4W in C:\Users\Administrator\Dropbox\Smart Switch +RF315Mhz\PCB_Project\so do mach.SchDoc with R1/4W from syhaunguyen.IntLib
Replace Part RF1 CC1101 in C:\Users\Administrator\Dropbox\Smart Switch +RF315Mhz\PCB_Project\so do mach.SchDoc with CC1101 from CC1101 Module.SchLib
Replace Part RF2 Con4 in C:\Users\Administrator\Dropbox\Smart Switch +RF315Mhz\PCB_Project\so do mach.SchDoc with Con4 from PART.IntLib
Replace Part RN1 RN8 in C:\Users\Administrator\Dropbox\Smart Switch +RF315Mhz\PCB_Project\so do mach.SchDoc with RN8 from PART.IntLib
Replace Part SSR1 Component_1 in C:\Users\Administrator\Dropbox\Smart Switch +RF315Mhz\PCB_Project\so do mach.SchDoc with Component_1 from OMRON.SchLib
Replace Part SSR2 Component_1 in C:\Users\Administrator\Dropbox\Smart Switch +RF315Mhz\PCB_Project\so do mach.SchDoc with Component_1 from OMRON.SchLib
Replace Part SSR3 Component_1 in C:\Users\Administrator\Dropbox\Smart Switch +RF315Mhz\PCB_Project\so do mach.SchDoc with Component_1 from OMRON.SchLib
Replace Part SSR4 Component_1 in C:\Users\Administrator\Dropbox\Smart Switch +RF315Mhz\PCB_Project\so do mach.SchDoc with Component_1 from OMRON.SchLib
Replace Part SSR5 Component_1 in C:\Users\Administrator\Dropbox\Smart Switch +RF315Mhz\PCB_Project\so do mach.SchDoc with Component_1 from OMRON.SchLib
Replace Part SW1 Component_1 in C:\Users\Administrator\Dropbox\Smart Switch +RF315Mhz\PCB_Project\so do mach.SchDoc with Component_1 from BUTTON reset.SchLib
Replace Part U1 ACS712 in C:\Users\Administrator\Dropbox\Smart Switch +RF315Mhz\PCB_Project\so do mach.SchDoc with ACS712 from ACS712.SchLib
Replace Part u2 Component_1 in C:\Users\Administrator\Dropbox\Smart Switch +RF315Mhz\PCB_Project\so do mach.SchDoc with Component_1 from MSP430G2553_28 SOP.SchLib
Replace Part U3 PT2272 in C:\Users\Administrator\Dropbox\Smart Switch +RF315Mhz\PCB_Project\so do mach.SchDoc with PT2272 from PT2272.SchLib
Replace Part X1 32768Hz in C:\Users\Administrator\Dropbox\Smart Switch +RF315Mhz\PCB_Project\so do mach.SchDoc with 32768Hz from 32768hz.SchLib
