Replace Part BA2 Component_1 in C:\Users\Administrator\Dropbox\Smart Switch +RF315Mhz\PCB_Project\so do mach.SchDoc with Component_1 from BIEN AP 5V-700ma.SchLib
Replace Part C2 CM in C:\Users\Administrator\Dropbox\Smart Switch +RF315Mhz\PCB_Project\so do mach.SchDoc with CM from PART.IntLib
Replace Part C3 CM in C:\Users\Administrator\Dropbox\Smart Switch +RF315Mhz\PCB_Project\so do mach.SchDoc with CM from PART.IntLib
Replace Part C4 CM in C:\Users\Administrator\Dropbox\Smart Switch +RF315Mhz\PCB_Project\so do mach.SchDoc with CM from PART.IntLib
Replace Part C5 CM in C:\Users\Administrator\Dropbox\Smart Switch +RF315Mhz\PCB_Project\so do mach.SchDoc with CM from PART.IntLib
Replace Part C6 CM in C:\Users\Administrator\Dropbox\Smart Switch +RF315Mhz\PCB_Project\so do mach.SchDoc with CM from PART.IntLib
Replace Part C9 CM in C:\Users\Administrator\Dropbox\Smart Switch +RF315Mhz\PCB_Project\so do mach.SchDoc with CM from PART.IntLib
Replace Part C10 CM in C:\Users\Administrator\Dropbox\Smart Switch +RF315Mhz\PCB_Project\so do mach.SchDoc with CM from PART.IntLib
Replace Part C11 CM in C:\Users\Administrator\Dropbox\Smart Switch +RF315Mhz\PCB_Project\so do mach.SchDoc with CM from PART.IntLib
Replace Part C21 CM in C:\Users\Administrator\Dropbox\Smart Switch +RF315Mhz\PCB_Project\so do mach.SchDoc with CM from PART.IntLib
Replace Part C41 Component_1 in C:\Users\Administrator\Dropbox\Smart Switch +RF315Mhz\PCB_Project\so do mach.SchDoc with Component_1 from 1000uF_10V SMD.SchLib
Replace Part C112 CapSMD in C:\Users\Administrator\Dropbox\Smart Switch +RF315Mhz\PCB_Project\so do mach.SchDoc with CapSMD from NBBLib 14-03-2012.IntLib
Replace Part C? CM in C:\Users\Administrator\Dropbox\Smart Switch +RF315Mhz\PCB_Project\so do mach.SchDoc with CM from PART.IntLib
Replace Part C? CM in C:\Users\Administrator\Dropbox\Smart Switch +RF315Mhz\PCB_Project\so do mach.SchDoc with CM from PART.IntLib
Replace Part C? CM in C:\Users\Administrator\Dropbox\Smart Switch +RF315Mhz\PCB_Project\so do mach.SchDoc with CM from PART.IntLib
Replace Part C? CM in C:\Users\Administrator\Dropbox\Smart Switch +RF315Mhz\PCB_Project\so do mach.SchDoc with CM from PART.IntLib
Replace Part C? CM in C:\Users\Administrator\Dropbox\Smart Switch +RF315Mhz\PCB_Project\so do mach.SchDoc with CM from PART.IntLib
Replace Part C? CM in C:\Users\Administrator\Dropbox\Smart Switch +RF315Mhz\PCB_Project\so do mach.SchDoc with CM from PART.IntLib
Replace Part F1 Component_1 in C:\Users\Administrator\Dropbox\Smart Switch +RF315Mhz\PCB_Project\so do mach.SchDoc with Component_1 from Fuse 2A.SchLib
Replace Part F2 Component_1 in C:\Users\Administrator\Dropbox\Smart Switch +RF315Mhz\PCB_Project\so do mach.SchDoc with Component_1 from Fuse 2A.SchLib
Replace Part F3 Component_1 in C:\Users\Administrator\Dropbox\Smart Switch +RF315Mhz\PCB_Project\so do mach.SchDoc with Component_1 from Fuse 2A.SchLib
Replace Part F4 Component_1 in C:\Users\Administrator\Dropbox\Smart Switch +RF315Mhz\PCB_Project\so do mach.SchDoc with Component_1 from Fuse 2A.SchLib
Replace Part F5 Component_1 in C:\Users\Administrator\Dropbox\Smart Switch +RF315Mhz\PCB_Project\so do mach.SchDoc with Component_1 from Fuse 2A.SchLib
Replace Part F? Component_1 in C:\Users\Administrator\Dropbox\Smart Switch +RF315Mhz\PCB_Project\so do mach.SchDoc with Component_1 from Fuse 2A.SchLib
Replace Part IC1 LM1117 in C:\Users\Administrator\Dropbox\Smart Switch +RF315Mhz\PCB_Project\so do mach.SchDoc with LM1117 from syhaunguyen.IntLib
Replace Part J1 JP3 in C:\Users\Administrator\Dropbox\Smart Switch +RF315Mhz\PCB_Project\so do mach.SchDoc with JP3 from PART.IntLib
Replace Part J2 JP3 in C:\Users\Administrator\Dropbox\Smart Switch +RF315Mhz\PCB_Project\so do mach.SchDoc with JP3 from PART.IntLib
Replace Part J3 JP3 in C:\Users\Administrator\Dropbox\Smart Switch +RF315Mhz\PCB_Project\so do mach.SchDoc with JP3 from PART.IntLib
Replace Part J4 JP3 in C:\Users\Administrator\Dropbox\Smart Switch +RF315Mhz\PCB_Project\so do mach.SchDoc with JP3 from PART.IntLib
Replace Part JP1 Header 2_1 in C:\Users\Administrator\Dropbox\Smart Switch +RF315Mhz\PCB_Project\so do mach.SchDoc with Header 2_1 from syhaunguyen.IntLib
Replace Part JP2 Header 2_1 in C:\Users\Administrator\Dropbox\Smart Switch +RF315Mhz\PCB_Project\so do mach.SchDoc with Header 2_1 from syhaunguyen.IntLib
Replace Part JP3 Header 2_1 in C:\Users\Administrator\Dropbox\Smart Switch +RF315Mhz\PCB_Project\so do mach.SchDoc with Header 2_1 from syhaunguyen.IntLib
Replace Part JP4 Header 2_1 in C:\Users\Administrator\Dropbox\Smart Switch +RF315Mhz\PCB_Project\so do mach.SchDoc with Header 2_1 from syhaunguyen.IntLib
Replace Part JP5 Header 2_1 in C:\Users\Administrator\Dropbox\Smart Switch +RF315Mhz\PCB_Project\so do mach.SchDoc with Header 2_1 from syhaunguyen.IntLib
Replace Part JP6 Header 2_1 in C:\Users\Administrator\Dropbox\Smart Switch +RF315Mhz\PCB_Project\so do mach.SchDoc with Header 2_1 from syhaunguyen.IntLib
Replace Part JP? Con6 in C:\Users\Administrator\Dropbox\Smart Switch +RF315Mhz\PCB_Project\so do mach.SchDoc with Con6 from syhaunguyen.IntLib
Replace Part L1 R1/4W in C:\Users\Administrator\Dropbox\Smart Switch +RF315Mhz\PCB_Project\so do mach.SchDoc with R1/4W from syhaunguyen.IntLib
Replace Part L2 R1/4W in C:\Users\Administrator\Dropbox\Smart Switch +RF315Mhz\PCB_Project\so do mach.SchDoc with R1/4W from syhaunguyen.IntLib
Replace Part L3 R1/4W in C:\Users\Administrator\Dropbox\Smart Switch +RF315Mhz\PCB_Project\so do mach.SchDoc with R1/4W from syhaunguyen.IntLib
Replace Part LED1 LED in C:\Users\Administrator\Dropbox\Smart Switch +RF315Mhz\PCB_Project\so do mach.SchDoc with LED from syhaunguyen.IntLib
Replace Part LED2 LED in C:\Users\Administrator\Dropbox\Smart Switch +RF315Mhz\PCB_Project\so do mach.SchDoc with LED from syhaunguyen.IntLib
Replace Part LED3 LED in C:\Users\Administrator\Dropbox\Smart Switch +RF315Mhz\PCB_Project\so do mach.SchDoc with LED from syhaunguyen.IntLib
Replace Part Q1 C1815 in C:\Users\Administrator\Dropbox\Smart Switch +RF315Mhz\PCB_Project\so do mach.SchDoc with C1815 from syhaunguyen.IntLib
Replace Part Q2 C1815 in C:\Users\Administrator\Dropbox\Smart Switch +RF315Mhz\PCB_Project\so do mach.SchDoc with C1815 from syhaunguyen.IntLib
Replace Part Q3 C1815 in C:\Users\Administrator\Dropbox\Smart Switch +RF315Mhz\PCB_Project\so do mach.SchDoc with C1815 from syhaunguyen.IntLib
Replace Part Q4 C1815 in C:\Users\Administrator\Dropbox\Smart Switch +RF315Mhz\PCB_Project\so do mach.SchDoc with C1815 from syhaunguyen.IntLib
Replace Part Q5 C1815 in C:\Users\Administrator\Dropbox\Smart Switch +RF315Mhz\PCB_Project\so do mach.SchDoc with C1815 from syhaunguyen.IntLib
Replace Part R1 RM in C:\Users\Administrator\Dropbox\Smart Switch +RF315Mhz\PCB_Project\so do mach.SchDoc with RM from PART.IntLib
Replace Part R10 RM in C:\Users\Administrator\Dropbox\Smart Switch +RF315Mhz\PCB_Project\so do mach.SchDoc with RM from PART.IntLib
Replace Part R11 R1/4W in C:\Users\Administrator\Dropbox\Smart Switch +RF315Mhz\PCB_Project\so do mach.SchDoc with R1/4W from syhaunguyen.IntLib
Replace Part R21 R1/4W in C:\Users\Administrator\Dropbox\Smart Switch +RF315Mhz\PCB_Project\so do mach.SchDoc with R1/4W from syhaunguyen.IntLib
Replace Part R31 R1/4W in C:\Users\Administrator\Dropbox\Smart Switch +RF315Mhz\PCB_Project\so do mach.SchDoc with R1/4W from syhaunguyen.IntLib
Replace Part R41 R1/4W in C:\Users\Administrator\Dropbox\Smart Switch +RF315Mhz\PCB_Project\so do mach.SchDoc with R1/4W from syhaunguyen.IntLib
Replace Part R51 R1/4W in C:\Users\Administrator\Dropbox\Smart Switch +RF315Mhz\PCB_Project\so do mach.SchDoc with R1/4W from syhaunguyen.IntLib
Replace Part R61 R1/4W in C:\Users\Administrator\Dropbox\Smart Switch +RF315Mhz\PCB_Project\so do mach.SchDoc with R1/4W from syhaunguyen.IntLib
Replace Part R71 R1/4W in C:\Users\Administrator\Dropbox\Smart Switch +RF315Mhz\PCB_Project\so do mach.SchDoc with R1/4W from syhaunguyen.IntLib
Replace Part R81 R1/4W in C:\Users\Administrator\Dropbox\Smart Switch +RF315Mhz\PCB_Project\so do mach.SchDoc with R1/4W from syhaunguyen.IntLib
Replace Part R91 R1/4W in C:\Users\Administrator\Dropbox\Smart Switch +RF315Mhz\PCB_Project\so do mach.SchDoc with R1/4W from syhaunguyen.IntLib
Replace Part R102 R1/4W in C:\Users\Administrator\Dropbox\Smart Switch +RF315Mhz\PCB_Project\so do mach.SchDoc with R1/4W from syhaunguyen.IntLib
Replace Part R122 R1/4W in C:\Users\Administrator\Dropbox\Smart Switch +RF315Mhz\PCB_Project\so do mach.SchDoc with R1/4W from syhaunguyen.IntLib
Replace Part R132 R1/4W in C:\Users\Administrator\Dropbox\Smart Switch +RF315Mhz\PCB_Project\so do mach.SchDoc with R1/4W from syhaunguyen.IntLib
Replace Part R? R1/4W in C:\Users\Administrator\Dropbox\Smart Switch +RF315Mhz\PCB_Project\so do mach.SchDoc with R1/4W from syhaunguyen.IntLib
Replace Part RF2 Con4 in C:\Users\Administrator\Dropbox\Smart Switch +RF315Mhz\PCB_Project\so do mach.SchDoc with Con4 from PART.IntLib
Replace Part RF2 CC1101 in C:\Users\Administrator\Dropbox\Smart Switch +RF315Mhz\PCB_Project\so do mach.SchDoc with CC1101 from CC1101 Module.SchLib
Replace Part RN? RN8 in C:\Users\Administrator\Dropbox\Smart Switch +RF315Mhz\PCB_Project\so do mach.SchDoc with RN8 from PART.IntLib
Replace Part SSR1 Component_1 in C:\Users\Administrator\Dropbox\Smart Switch +RF315Mhz\PCB_Project\so do mach.SchDoc with Component_1 from OMRON.SchLib
Replace Part SSR2 Component_1 in C:\Users\Administrator\Dropbox\Smart Switch +RF315Mhz\PCB_Project\so do mach.SchDoc with Component_1 from OMRON.SchLib
Replace Part SSR3 Component_1 in C:\Users\Administrator\Dropbox\Smart Switch +RF315Mhz\PCB_Project\so do mach.SchDoc with Component_1 from OMRON.SchLib
Replace Part SSR4 Component_1 in C:\Users\Administrator\Dropbox\Smart Switch +RF315Mhz\PCB_Project\so do mach.SchDoc with Component_1 from OMRON.SchLib
Replace Part SSR5 Component_1 in C:\Users\Administrator\Dropbox\Smart Switch +RF315Mhz\PCB_Project\so do mach.SchDoc with Component_1 from OMRON.SchLib
Replace Part SW2 Component_1 in C:\Users\Administrator\Dropbox\Smart Switch +RF315Mhz\PCB_Project\so do mach.SchDoc with Component_1 from BUTTON reset.SchLib
Replace Part u1 Component_1 in C:\Users\Administrator\Dropbox\Smart Switch +RF315Mhz\PCB_Project\so do mach.SchDoc with Component_1 from MSP430G2553_28 SOP.SchLib
Replace Part U2 PT2272 in C:\Users\Administrator\Dropbox\Smart Switch +RF315Mhz\PCB_Project\so do mach.SchDoc with PT2272 from PT2272.SchLib
Replace Part X? 32768Hz in C:\Users\Administrator\Dropbox\Smart Switch +RF315Mhz\PCB_Project\so do mach.SchDoc with 32768Hz from 32768hz.SchLib
