Change Component Designator: Old Designator=BA2 New Designator=BA1
Change Component Designator: Old Designator=C5 New Designator=C14
Change Component Designator: Old Designator=C6 New Designator=C15
Change Component Designator: Old Designator=C10 New Designator=C12
Change Component Designator: Old Designator=C11 New Designator=C5
Change Component Designator: Old Designator=C21 New Designator=C1
Change Component Designator: Old Designator=C41 New Designator=C6
Change Component Designator: Old Designator=C112 New Designator=C13
Change Component Designator: Old Designator=C? New Designator=C7
Change Component Designator: Old Designator=C? New Designator=C8
Change Component Designator: Old Designator=C? New Designator=C10
Change Component Designator: Old Designator=C? New Designator=C11
Change Component Designator: Old Designator=C? New Designator=C16
Change Component Designator: Old Designator=C? New Designator=C17
Change Component Designator: Old Designator=F1 New Designator=F2
Change Component Designator: Old Designator=F2 New Designator=F3
Change Component Designator: Old Designator=F3 New Designator=F4
Change Component Designator: Old Designator=F4 New Designator=F5
Change Component Designator: Old Designator=F5 New Designator=F6
Change Component Designator: Old Designator=F? New Designator=F1
Change Component Designator: Old Designator=JP1 New Designator=JP2
Change Component Designator: Old Designator=JP2 New Designator=JP3
Change Component Designator: Old Designator=JP3 New Designator=JP4
Change Component Designator: Old Designator=JP4 New Designator=JP5
Change Component Designator: Old Designator=JP5 New Designator=JP6
Change Component Designator: Old Designator=JP6 New Designator=JP1
Change Component Designator: Old Designator=JP? New Designator=JP7
Change Component Designator: Old Designator=L1 New Designator=L2
Change Component Designator: Old Designator=L2 New Designator=L1
Change Component Designator: Old Designator=R10 New Designator=R15
Change Component Designator: Old Designator=R11 New Designator=R4
Change Component Designator: Old Designator=R21 New Designator=R5
Change Component Designator: Old Designator=R31 New Designator=R8
Change Component Designator: Old Designator=R41 New Designator=R9
Change Component Designator: Old Designator=R51 New Designator=R11
Change Component Designator: Old Designator=R61 New Designator=R3
Change Component Designator: Old Designator=R71 New Designator=R12
Change Component Designator: Old Designator=R81 New Designator=R6
Change Component Designator: Old Designator=R91 New Designator=R10
Change Component Designator: Old Designator=R102 New Designator=R7
Change Component Designator: Old Designator=R122 New Designator=R13
Change Component Designator: Old Designator=R132 New Designator=R14
Change Component Designator: Old Designator=R? New Designator=R2
Change Component Designator: Old Designator=RF2 New Designator=RF1
Change Component Designator: Old Designator=RN? New Designator=RN1
Change Component Designator: Old Designator=SW2 New Designator=SW1
Change Component Designator: Old Designator=X? New Designator=X1
