[0515/155729:WARNING:dns_config_service_win.cc(665)] Failed to read DnsConfig.
[0515/160043:WARNING:dns_config_service_win.cc(665)] Failed to read DnsConfig.
[0515/160043:WARNING:dns_config_service_win.cc(665)] Failed to read DnsConfig.
[0515/160046:WARNING:dns_config_service_win.cc(665)] Failed to read DnsConfig.
[0515/160048:WARNING:dns_config_service_win.cc(665)] Failed to read DnsConfig.
[0515/160048:WARNING:dns_config_service_win.cc(665)] Failed to read DnsConfig.
[0515/160049:WARNING:dns_config_service_win.cc(665)] Failed to read DnsConfig.
[0515/161056:WARNING:dns_config_service_win.cc(665)] Failed to read DnsConfig.
[0515/161415:WARNING:dns_config_service_win.cc(665)] Failed to read DnsConfig.
[0515/161415:WARNING:dns_config_service_win.cc(665)] Failed to read DnsConfig.
[0515/161419:WARNING:dns_config_service_win.cc(665)] Failed to read DnsConfig.
[0515/161420:WARNING:dns_config_service_win.cc(665)] Failed to read DnsConfig.
[0515/161420:WARNING:dns_config_service_win.cc(665)] Failed to read DnsConfig.
[0519/151609:WARNING:dns_config_service_win.cc(665)] Failed to read DnsConfig.
[0519/151614:WARNING:dns_config_service_win.cc(665)] Failed to read DnsConfig.
[0519/151619:WARNING:dns_config_service_win.cc(665)] Failed to read DnsConfig.
[0519/151624:WARNING:dns_config_service_win.cc(665)] Failed to read DnsConfig.
[0519/151629:WARNING:dns_config_service_win.cc(665)] Failed to read DnsConfig.
[0519/151634:WARNING:dns_config_service_win.cc(665)] Failed to read DnsConfig.
[0519/151639:WARNING:dns_config_service_win.cc(665)] Failed to read DnsConfig.
[0519/151644:WARNING:dns_config_service_win.cc(665)] Failed to read DnsConfig.
[0519/151649:WARNING:dns_config_service_win.cc(665)] Failed to read DnsConfig.
[0519/151654:WARNING:dns_config_service_win.cc(665)] Failed to read DnsConfig.
[0519/151659:WARNING:dns_config_service_win.cc(665)] Failed to read DnsConfig.
[0519/151704:WARNING:dns_config_service_win.cc(665)] Failed to read DnsConfig.
[0519/151709:WARNING:dns_config_service_win.cc(665)] Failed to read DnsConfig.
[0519/151714:WARNING:dns_config_service_win.cc(665)] Failed to read DnsConfig.
[0519/151719:WARNING:dns_config_service_win.cc(665)] Failed to read DnsConfig.
[0519/151724:WARNING:dns_config_service_win.cc(665)] Failed to read DnsConfig.
[0519/151729:WARNING:dns_config_service_win.cc(665)] Failed to read DnsConfig.
[0519/151734:WARNING:dns_config_service_win.cc(665)] Failed to read DnsConfig.
[0519/151739:WARNING:dns_config_service_win.cc(665)] Failed to read DnsConfig.
[0519/151744:WARNING:dns_config_service_win.cc(665)] Failed to read DnsConfig.
[0519/151749:WARNING:dns_config_service_win.cc(665)] Failed to read DnsConfig.
[0519/151754:WARNING:dns_config_service_win.cc(665)] Failed to read DnsConfig.
[0519/151759:WARNING:dns_config_service_win.cc(665)] Failed to read DnsConfig.
[0519/151804:WARNING:dns_config_service_win.cc(665)] Failed to read DnsConfig.
[0519/151809:WARNING:dns_config_service_win.cc(665)] Failed to read DnsConfig.
[0519/151814:WARNING:dns_config_service_win.cc(665)] Failed to read DnsConfig.
[0519/151819:WARNING:dns_config_service_win.cc(665)] Failed to read DnsConfig.
[0519/151824:WARNING:dns_config_service_win.cc(665)] Failed to read DnsConfig.
[0519/151829:WARNING:dns_config_service_win.cc(665)] Failed to read DnsConfig.
[0519/151834:WARNING:dns_config_service_win.cc(665)] Failed to read DnsConfig.
[0519/151839:WARNING:dns_config_service_win.cc(665)] Failed to read DnsConfig.
[0519/151844:WARNING:dns_config_service_win.cc(665)] Failed to read DnsConfig.
[0519/151849:WARNING:dns_config_service_win.cc(665)] Failed to read DnsConfig.
[0519/151854:WARNING:dns_config_service_win.cc(665)] Failed to read DnsConfig.
[0519/151859:WARNING:dns_config_service_win.cc(665)] Failed to read DnsConfig.
[0519/151904:WARNING:dns_config_service_win.cc(665)] Failed to read DnsConfig.
[0519/151909:WARNING:dns_config_service_win.cc(665)] Failed to read DnsConfig.
[0519/151914:WARNING:dns_config_service_win.cc(665)] Failed to read DnsConfig.
[0519/151919:WARNING:dns_config_service_win.cc(665)] Failed to read DnsConfig.
[0519/151924:WARNING:dns_config_service_win.cc(665)] Failed to read DnsConfig.
[0519/151929:WARNING:dns_config_service_win.cc(665)] Failed to read DnsConfig.
[0519/151934:WARNING:dns_config_service_win.cc(665)] Failed to read DnsConfig.
[0519/151939:WARNING:dns_config_service_win.cc(665)] Failed to read DnsConfig.
[0519/151944:WARNING:dns_config_service_win.cc(665)] Failed to read DnsConfig.
[0519/151949:WARNING:dns_config_service_win.cc(665)] Failed to read DnsConfig.
[0519/151954:WARNING:dns_config_service_win.cc(665)] Failed to read DnsConfig.
[0519/151959:WARNING:dns_config_service_win.cc(665)] Failed to read DnsConfig.
[0519/152004:WARNING:dns_config_service_win.cc(665)] Failed to read DnsConfig.
[0519/152009:WARNING:dns_config_service_win.cc(665)] Failed to read DnsConfig.
[0519/152014:WARNING:dns_config_service_win.cc(665)] Failed to read DnsConfig.
[0519/152019:WARNING:dns_config_service_win.cc(665)] Failed to read DnsConfig.
[0519/152024:WARNING:dns_config_service_win.cc(665)] Failed to read DnsConfig.
[0519/152029:WARNING:dns_config_service_win.cc(665)] Failed to read DnsConfig.
[0519/152034:WARNING:dns_config_service_win.cc(665)] Failed to read DnsConfig.
[0519/152039:WARNING:dns_config_service_win.cc(665)] Failed to read DnsConfig.
[0519/152044:WARNING:dns_config_service_win.cc(665)] Failed to read DnsConfig.
[0519/152049:WARNING:dns_config_service_win.cc(665)] Failed to read DnsConfig.
[0519/152054:WARNING:dns_config_service_win.cc(665)] Failed to read DnsConfig.
[0519/152059:WARNING:dns_config_service_win.cc(665)] Failed to read DnsConfig.
[0519/152104:WARNING:dns_config_service_win.cc(665)] Failed to read DnsConfig.
[0519/152109:WARNING:dns_config_service_win.cc(665)] Failed to read DnsConfig.
[0519/152114:WARNING:dns_config_service_win.cc(665)] Failed to read DnsConfig.
[0519/152119:WARNING:dns_config_service_win.cc(665)] Failed to read DnsConfig.
[0519/152124:WARNING:dns_config_service_win.cc(665)] Failed to read DnsConfig.
[0519/152129:WARNING:dns_config_service_win.cc(665)] Failed to read DnsConfig.
[0519/152134:WARNING:dns_config_service_win.cc(665)] Failed to read DnsConfig.
[0519/152139:WARNING:dns_config_service_win.cc(665)] Failed to read DnsConfig.
[0519/152144:WARNING:dns_config_service_win.cc(665)] Failed to read DnsConfig.
[0519/152149:WARNING:dns_config_service_win.cc(665)] Failed to read DnsConfig.
[0519/152154:WARNING:dns_config_service_win.cc(665)] Failed to read DnsConfig.
[0519/152159:WARNING:dns_config_service_win.cc(665)] Failed to read DnsConfig.
[0519/152204:WARNING:dns_config_service_win.cc(665)] Failed to read DnsConfig.
[0519/152209:WARNING:dns_config_service_win.cc(665)] Failed to read DnsConfig.
[0519/152214:WARNING:dns_config_service_win.cc(665)] Failed to read DnsConfig.
[0519/152219:WARNING:dns_config_service_win.cc(665)] Failed to read DnsConfig.
[0519/152224:WARNING:dns_config_service_win.cc(665)] Failed to read DnsConfig.
[0519/152229:WARNING:dns_config_service_win.cc(665)] Failed to read DnsConfig.
[0519/152234:WARNING:dns_config_service_win.cc(665)] Failed to read DnsConfig.
[0519/152239:WARNING:dns_config_service_win.cc(665)] Failed to read DnsConfig.
[0519/152245:WARNING:dns_config_service_win.cc(665)] Failed to read DnsConfig.
[0519/152250:WARNING:dns_config_service_win.cc(665)] Failed to read DnsConfig.
[0519/152255:WARNING:dns_config_service_win.cc(665)] Failed to read DnsConfig.
[0519/152300:WARNING:dns_config_service_win.cc(665)] Failed to read DnsConfig.
[0519/152305:WARNING:dns_config_service_win.cc(665)] Failed to read DnsConfig.
[0519/152310:WARNING:dns_config_service_win.cc(665)] Failed to read DnsConfig.
[0519/152315:WARNING:dns_config_service_win.cc(665)] Failed to read DnsConfig.
[0519/152320:WARNING:dns_config_service_win.cc(665)] Failed to read DnsConfig.
[0519/152325:WARNING:dns_config_service_win.cc(665)] Failed to read DnsConfig.
[0519/152330:WARNING:dns_config_service_win.cc(665)] Failed to read DnsConfig.
[0519/152335:WARNING:dns_config_service_win.cc(665)] Failed to read DnsConfig.
[0519/152340:WARNING:dns_config_service_win.cc(665)] Failed to read DnsConfig.
[0519/152345:WARNING:dns_config_service_win.cc(665)] Failed to read DnsConfig.
[0519/152350:WARNING:dns_config_service_win.cc(665)] Failed to read DnsConfig.
[0519/152355:WARNING:dns_config_service_win.cc(665)] Failed to read DnsConfig.
[0519/152400:WARNING:dns_config_service_win.cc(665)] Failed to read DnsConfig.
[0519/152405:WARNING:dns_config_service_win.cc(665)] Failed to read DnsConfig.
[0519/152410:WARNING:dns_config_service_win.cc(665)] Failed to read DnsConfig.
[0519/152415:WARNING:dns_config_service_win.cc(665)] Failed to read DnsConfig.
[0519/152420:WARNING:dns_config_service_win.cc(665)] Failed to read DnsConfig.
[0519/152425:WARNING:dns_config_service_win.cc(665)] Failed to read DnsConfig.
[0519/152430:WARNING:dns_config_service_win.cc(665)] Failed to read DnsConfig.
[0519/152435:WARNING:dns_config_service_win.cc(665)] Failed to read DnsConfig.
[0519/152440:WARNING:dns_config_service_win.cc(665)] Failed to read DnsConfig.
[0519/152445:WARNING:dns_config_service_win.cc(665)] Failed to read DnsConfig.
[0519/152450:WARNING:dns_config_service_win.cc(665)] Failed to read DnsConfig.
[0519/152455:WARNING:dns_config_service_win.cc(665)] Failed to read DnsConfig.
[0519/152500:WARNING:dns_config_service_win.cc(665)] Failed to read DnsConfig.
[0519/152505:WARNING:dns_config_service_win.cc(665)] Failed to read DnsConfig.
[0519/152510:WARNING:dns_config_service_win.cc(665)] Failed to read DnsConfig.
[0519/152515:WARNING:dns_config_service_win.cc(665)] Failed to read DnsConfig.
[0519/152520:WARNING:dns_config_service_win.cc(665)] Failed to read DnsConfig.
[0519/152525:WARNING:dns_config_service_win.cc(665)] Failed to read DnsConfig.
[0519/152530:WARNING:dns_config_service_win.cc(665)] Failed to read DnsConfig.
[0519/152535:WARNING:dns_config_service_win.cc(665)] Failed to read DnsConfig.
[0627/074847:ERROR:backend_impl.cc(2020)] Corrupt Index file
[0627/074847:ERROR:cache_util_win.cc(20)] Unable to move the cache: 5
[0627/074847:ERROR:cache_util.cc(134)] Unable to move cache folder C:\ProgramData\Altium\Altium Designer {C0773C5F-FBDD-4E42-99A2-6D633739AB82}\BrowserCache to C:\ProgramData\Altium\Altium Designer {C0773C5F-FBDD-4E42-99A2-6D633739AB82}\old_BrowserCache_000
[0627/074847:ERROR:cache_creator.cc(129)] Unable to create cache
[0628/085148:ERROR:backend_impl.cc(2020)] Corrupt Index file
[0628/085148:ERROR:cache_util_win.cc(20)] Unable to move the cache: 5
[0628/085148:ERROR:cache_util.cc(134)] Unable to move cache folder C:\ProgramData\Altium\Altium Designer {C0773C5F-FBDD-4E42-99A2-6D633739AB82}\BrowserCache to C:\ProgramData\Altium\Altium Designer {C0773C5F-FBDD-4E42-99A2-6D633739AB82}\old_BrowserCache_000
[0628/085148:ERROR:cache_creator.cc(129)] Unable to create cache
[0628/101820:ERROR:backend_impl.cc(2020)] Corrupt Index file
[0628/101820:ERROR:cache_util_win.cc(20)] Unable to move the cache: 5
[0628/101820:ERROR:cache_util.cc(134)] Unable to move cache folder C:\ProgramData\Altium\Altium Designer {C0773C5F-FBDD-4E42-99A2-6D633739AB82}\BrowserCache to C:\ProgramData\Altium\Altium Designer {C0773C5F-FBDD-4E42-99A2-6D633739AB82}\old_BrowserCache_000
[0628/101820:ERROR:cache_creator.cc(129)] Unable to create cache
[0628/133513:ERROR:backend_impl.cc(2020)] Corrupt Index file
[0628/133513:ERROR:cache_util_win.cc(20)] Unable to move the cache: 5
[0628/133513:ERROR:cache_util.cc(134)] Unable to move cache folder C:\ProgramData\Altium\Altium Designer {C0773C5F-FBDD-4E42-99A2-6D633739AB82}\BrowserCache to C:\ProgramData\Altium\Altium Designer {C0773C5F-FBDD-4E42-99A2-6D633739AB82}\old_BrowserCache_000
[0628/133513:ERROR:cache_creator.cc(129)] Unable to create cache
[0628/133643:ERROR:backend_impl.cc(2020)] Corrupt Index file
[0628/133643:ERROR:cache_util_win.cc(20)] Unable to move the cache: 5
[0628/133643:ERROR:cache_util.cc(134)] Unable to move cache folder C:\ProgramData\Altium\Altium Designer {C0773C5F-FBDD-4E42-99A2-6D633739AB82}\BrowserCache to C:\ProgramData\Altium\Altium Designer {C0773C5F-FBDD-4E42-99A2-6D633739AB82}\old_BrowserCache_000
[0628/133643:ERROR:cache_creator.cc(129)] Unable to create cache
[0628/134047:ERROR:backend_impl.cc(2020)] Corrupt Index file
[0628/134047:ERROR:cache_util_win.cc(20)] Unable to move the cache: 5
[0628/134047:ERROR:cache_util.cc(134)] Unable to move cache folder C:\ProgramData\Altium\Altium Designer {C0773C5F-FBDD-4E42-99A2-6D633739AB82}\BrowserCache to C:\ProgramData\Altium\Altium Designer {C0773C5F-FBDD-4E42-99A2-6D633739AB82}\old_BrowserCache_000
[0628/134047:ERROR:cache_creator.cc(129)] Unable to create cache
[0628/150330:ERROR:backend_impl.cc(2020)] Corrupt Index file
[0628/150330:ERROR:cache_util_win.cc(20)] Unable to move the cache: 5
[0628/150330:ERROR:cache_util.cc(134)] Unable to move cache folder C:\ProgramData\Altium\Altium Designer {C0773C5F-FBDD-4E42-99A2-6D633739AB82}\BrowserCache to C:\ProgramData\Altium\Altium Designer {C0773C5F-FBDD-4E42-99A2-6D633739AB82}\old_BrowserCache_000
[0628/150330:ERROR:cache_creator.cc(129)] Unable to create cache
[0628/155923:ERROR:backend_impl.cc(2020)] Corrupt Index file
[0628/155923:ERROR:cache_util_win.cc(20)] Unable to move the cache: 5
[0628/155923:ERROR:cache_util.cc(134)] Unable to move cache folder C:\ProgramData\Altium\Altium Designer {C0773C5F-FBDD-4E42-99A2-6D633739AB82}\BrowserCache to C:\ProgramData\Altium\Altium Designer {C0773C5F-FBDD-4E42-99A2-6D633739AB82}\old_BrowserCache_000
[0628/155923:ERROR:cache_creator.cc(129)] Unable to create cache
[0628/160715:ERROR:backend_impl.cc(2020)] Corrupt Index file
[0628/160715:ERROR:cache_util_win.cc(20)] Unable to move the cache: 5
[0628/160715:ERROR:cache_util.cc(134)] Unable to move cache folder C:\ProgramData\Altium\Altium Designer {C0773C5F-FBDD-4E42-99A2-6D633739AB82}\BrowserCache to C:\ProgramData\Altium\Altium Designer {C0773C5F-FBDD-4E42-99A2-6D633739AB82}\old_BrowserCache_000
[0628/160715:ERROR:cache_creator.cc(129)] Unable to create cache
